prom2lts-mc --strategy=ufscc --threads=24 --ltl='[] ((pc\[0\] == "ws") -> (<> (pc\[0\] == "cs")))' tas.pml.spins
prom2lts-mc: Precompiled SpinS module initialized
prom2lts-mc( 0/24): Loading model from tas.pml.spins
prom2lts-mc( 5/24): LTL layer: formula: [] ((pc\[0\] == "ws") -> (<> (pc\[0\] == "cs")))
prom2lts-mc( 5/24): "[] ((pc\[0\] == "ws") -> (<> (pc\[0\] == "cs")))" is not a file, parsing as formula...
prom2lts-mc( 5/24): Using Spin LTL semantics
prom2lts-mc( 0/24): Weak Buchi automaton detected, adding non-accepting as progress label.
prom2lts-mc( 0/24): There are 187 state labels and 2 edge labels
prom2lts-mc( 0/24): State length is 43, there are 159 groups
prom2lts-mc( 0/24): Running ufscc using 24 cores
prom2lts-mc( 0/24): Using a tree table with 2^33 elements
prom2lts-mc( 0/24): Successor permutation: dynamic
prom2lts-mc( 0/24): Global bits: 0, count bits: 0, local bits: 0
prom2lts-mc(10/24): ~39 levels ~9600 states ~17928 transitions
prom2lts-mc(10/24): ~39 levels ~19200 states ~33216 transitions
prom2lts-mc( 8/24): ~35 levels ~38400 states ~64992 transitions
prom2lts-mc( 9/24): ~79 levels ~76800 states ~382464 transitions
prom2lts-mc( 9/24): ~79 levels ~153600 states ~844320 transitions
prom2lts-mc(13/24): ~72 levels ~307200 states ~1952016 transitions
prom2lts-mc( 9/24): ~79 levels ~614400 states ~3916368 transitions
prom2lts-mc( 9/24): ~79 levels ~1228800 states ~8605008 transitions
prom2lts-mc( 9/24): ~79 levels ~2457600 states ~19526904 transitions
prom2lts-mc(19/24): ~71 levels ~4915200 states ~37088784 transitions
prom2lts-mc(17/24): ~78 levels ~9830400 states ~60393840 transitions
prom2lts-mc( 0/24):
prom2lts-mc( 0/24): Empty product with LTL!
prom2lts-mc( 0/24):
prom2lts-mc( 0/24):
prom2lts-mc( 0/24): total scc count:            14083184
prom2lts-mc( 0/24): unique states count:        14083184
prom2lts-mc( 0/24): unique transitions count:   98493720
prom2lts-mc( 0/24): - self-loop count:          4
prom2lts-mc( 0/24): - claim dead count:         84421489
prom2lts-mc( 0/24): - claim found count:        0
prom2lts-mc( 0/24): - claim success count:      14086508
prom2lts-mc( 0/24): - cum. max stack depth:     1463
prom2lts-mc( 0/24):
prom2lts-mc( 0/24): Explored 14086508 states 98528883 transitions, fanout: 6.995
prom2lts-mc( 0/24): Total exploration time 11.910 sec (11.910 sec minimum, 11.910 sec on average)
prom2lts-mc( 0/24): States per second: 1182746, Transitions per second: 8272786
prom2lts-mc( 0/24):
prom2lts-mc( 0/24): Queue width: 12B, total height: 0, memory: 0.00MB
prom2lts-mc( 0/24): Tree memory: 197.6MB, 14.7 B/state, compr.: 8.5%
prom2lts-mc( 0/24): Tree fill ratio (roots/leafs): 0.0%/0.0%
prom2lts-mc( 0/24): Stored 164 string chucks using 0MB
prom2lts-mc( 0/24): Total memory used for chunk indexing: 0MB
prom2lts-mc( 0/24): Est. total memory use: 197.6MB (~65536.0MB paged-in)

Time: 32s