prom2lts-mc --strategy=ufscc --threads=32 --ltl='[] ((pc\[0\] == "ws") -> (<> (pc\[0\] == "cs")))' tas.pml.spins
prom2lts-mc: Precompiled SpinS module initialized
prom2lts-mc( 0/32): Loading model from tas.pml.spins
prom2lts-mc(27/32): LTL layer: formula: [] ((pc\[0\] == "ws") -> (<> (pc\[0\] == "cs")))
prom2lts-mc(27/32): "[] ((pc\[0\] == "ws") -> (<> (pc\[0\] == "cs")))" is not a file, parsing as formula...
prom2lts-mc(27/32): Using Spin LTL semantics
prom2lts-mc( 0/32): Weak Buchi automaton detected, adding non-accepting as progress label.
prom2lts-mc( 0/32): There are 187 state labels and 2 edge labels
prom2lts-mc( 0/32): State length is 43, there are 159 groups
prom2lts-mc( 0/32): Running ufscc using 32 cores
prom2lts-mc( 0/32): Using a tree table with 2^33 elements
prom2lts-mc( 0/32): Successor permutation: dynamic
prom2lts-mc( 0/32): Global bits: 0, count bits: 0, local bits: 0
prom2lts-mc( 6/32): ~39 levels ~9600 states ~18240 transitions
prom2lts-mc( 6/32): ~39 levels ~19200 states ~33280 transitions
prom2lts-mc(27/32): ~37 levels ~38400 states ~71488 transitions
prom2lts-mc(26/32): ~76 levels ~76800 states ~361600 transitions
prom2lts-mc(26/32): ~76 levels ~153600 states ~802720 transitions
prom2lts-mc(26/32): ~76 levels ~307200 states ~1739776 transitions
prom2lts-mc(26/32): ~76 levels ~614400 states ~3861952 transitions
prom2lts-mc(29/32): ~79 levels ~1228800 states ~8324288 transitions
prom2lts-mc(26/32): ~76 levels ~2457600 states ~18805184 transitions
prom2lts-mc( 4/32): ~79 levels ~4915200 states ~37067264 transitions
prom2lts-mc( 4/32): ~79 levels ~9830400 states ~60003936 transitions
prom2lts-mc( 0/32):
prom2lts-mc( 0/32): Empty product with LTL!
prom2lts-mc( 0/32):
prom2lts-mc( 0/32):
prom2lts-mc( 0/32): total scc count:            14083184
prom2lts-mc( 0/32): unique states count:        14083184
prom2lts-mc( 0/32): unique transitions count:   98493720
prom2lts-mc( 0/32): - self-loop count:          2
prom2lts-mc( 0/32): - claim dead count:         84426430
prom2lts-mc( 0/32): - claim found count:        0
prom2lts-mc( 0/32): - claim success count:      14088251
prom2lts-mc( 0/32): - cum. max stack depth:     1937
prom2lts-mc( 0/32):
prom2lts-mc( 0/32): Explored 14088251 states 98551365 transitions, fanout: 6.995
prom2lts-mc( 0/32): Total exploration time 13.820 sec (13.820 sec minimum, 13.820 sec on average)
prom2lts-mc( 0/32): States per second: 1019410, Transitions per second: 7131069
prom2lts-mc( 0/32):
prom2lts-mc( 0/32): Queue width: 12B, total height: 0, memory: 0.00MB
prom2lts-mc( 0/32): Tree memory: 197.6MB, 14.7 B/state, compr.: 8.5%
prom2lts-mc( 0/32): Tree fill ratio (roots/leafs): 0.0%/0.0%
prom2lts-mc( 0/32): Stored 164 string chucks using 0MB
prom2lts-mc( 0/32): Total memory used for chunk indexing: 0MB
prom2lts-mc( 0/32): Est. total memory use: 197.6MB (~65536.0MB paged-in)

Time: 33s