prom2lts-mc --strategy=ufscc --threads=16 --ltl='[] ((pc\[0\] == "ws") -> (<> (pc\[0\] == "cs")))' tas.pml.spins
prom2lts-mc: Precompiled SpinS module initialized
prom2lts-mc( 0/16): Loading model from tas.pml.spins
prom2lts-mc( 3/16): LTL layer: formula: [] ((pc\[0\] == "ws") -> (<> (pc\[0\] == "cs")))
prom2lts-mc( 3/16): "[] ((pc\[0\] == "ws") -> (<> (pc\[0\] == "cs")))" is not a file, parsing as formula...
prom2lts-mc( 3/16): Using Spin LTL semantics
prom2lts-mc( 0/16): Weak Buchi automaton detected, adding non-accepting as progress label.
prom2lts-mc( 0/16): There are 187 state labels and 2 edge labels
prom2lts-mc( 0/16): State length is 43, there are 159 groups
prom2lts-mc( 0/16): Running ufscc using 16 cores
prom2lts-mc( 0/16): Using a tree table with 2^33 elements
prom2lts-mc( 0/16): Successor permutation: dynamic
prom2lts-mc( 0/16): Global bits: 0, count bits: 0, local bits: 0
prom2lts-mc(10/16): ~38 levels ~9600 states ~17008 transitions
prom2lts-mc(12/16): ~39 levels ~19200 states ~31696 transitions
prom2lts-mc(13/16): ~79 levels ~38400 states ~179936 transitions
prom2lts-mc( 3/16): ~77 levels ~76800 states ~399040 transitions
prom2lts-mc( 3/16): ~77 levels ~153600 states ~889856 transitions
prom2lts-mc( 3/16): ~77 levels ~307200 states ~1877872 transitions
prom2lts-mc(13/16): ~79 levels ~614400 states ~4059232 transitions
prom2lts-mc(13/16): ~79 levels ~1228800 states ~8732416 transitions
prom2lts-mc(11/16): ~72 levels ~2457600 states ~18624896 transitions
prom2lts-mc(13/16): ~79 levels ~4915200 states ~35590464 transitions
prom2lts-mc(14/16): ~74 levels ~9830400 states ~65438784 transitions
prom2lts-mc( 0/16):
prom2lts-mc( 0/16): Empty product with LTL!
prom2lts-mc( 0/16):
prom2lts-mc( 0/16):
prom2lts-mc( 0/16): total scc count:            14083184
prom2lts-mc( 0/16): unique states count:        14083184
prom2lts-mc( 0/16): unique transitions count:   98493720
prom2lts-mc( 0/16): - self-loop count:          1
prom2lts-mc( 0/16): - claim dead count:         84418212
prom2lts-mc( 0/16): - claim found count:        0
prom2lts-mc( 0/16): - claim success count:      14085403
prom2lts-mc( 0/16): - cum. max stack depth:     1005
prom2lts-mc( 0/16):
prom2lts-mc( 0/16): Explored 14085403 states 98518219 transitions, fanout: 6.994
prom2lts-mc( 0/16): Total exploration time 12.400 sec (12.400 sec minimum, 12.400 sec on average)
prom2lts-mc( 0/16): States per second: 1135920, Transitions per second: 7945018
prom2lts-mc( 0/16):
prom2lts-mc( 0/16): Queue width: 12B, total height: 0, memory: 0.00MB
prom2lts-mc( 0/16): Tree memory: 197.6MB, 14.7 B/state, compr.: 8.5%
prom2lts-mc( 0/16): Tree fill ratio (roots/leafs): 0.0%/0.0%
prom2lts-mc( 0/16): Stored 164 string chucks using 0MB
prom2lts-mc( 0/16): Total memory used for chunk indexing: 0MB
prom2lts-mc( 0/16): Est. total memory use: 197.6MB (~65536.0MB paged-in)

Time: 32s