prom2lts-mc --strategy=cndfs --threads=1 --ltl='[] ((pc\[0\] == "ws") -> (<> (pc\[0\] == "cs")))' tas.pml.spins
prom2lts-mc: Precompiled SpinS module initialized
prom2lts-mc: Loading model from tas.pml.spins
prom2lts-mc: LTL layer: formula: [] ((pc\[0\] == "ws") -> (<> (pc\[0\] == "cs")))
prom2lts-mc: "[] ((pc\[0\] == "ws") -> (<> (pc\[0\] == "cs")))" is not a file, parsing as formula...
prom2lts-mc: Using Spin LTL semantics
prom2lts-mc: buchi has 2 states
prom2lts-mc: Weak Buchi automaton detected, adding non-accepting as progress label.
prom2lts-mc: There are 187 state labels and 2 edge labels
prom2lts-mc: State length is 43, there are 159 groups
prom2lts-mc: Running cndfs using 1 core (sequential)
prom2lts-mc: Using a tree table with 2^33 elements
prom2lts-mc: Successor permutation: dynamic
prom2lts-mc: Global bits: 2, count bits: 0, local bits: 0
prom2lts-mc: [Blue] 79 levels 10000 states 51890 transitions
prom2lts-mc: [Blue] 79 levels 20000 states 114987 transitions
prom2lts-mc: [Blue] 79 levels 40000 states 249283 transitions
prom2lts-mc: [Blue] 79 levels 80000 states 537601 transitions
prom2lts-mc: [Blue] 79 levels 160000 states 1120709 transitions
prom2lts-mc: [Blue] 79 levels 320000 states 2399252 transitions
prom2lts-mc: [Blue] 79 levels 640000 states 5106254 transitions
prom2lts-mc: [Blue] 79 levels 1280000 states 10639674 transitions
prom2lts-mc: [Blue] 79 levels 2560000 states 21513866 transitions
prom2lts-mc: [Blue] 79 levels 5120000 states 36576394 transitions
prom2lts-mc: [Blue] 79 levels 10240000 states 69831872 transitions
prom2lts-mc:
prom2lts-mc: Empty product with LTL!
prom2lts-mc:
prom2lts-mc:
prom2lts-mc: Explored 14083184 states 98493720 transitions, fanout: 6.994
prom2lts-mc: Total exploration time 94.850 sec (94.850 sec minimum, 94.850 sec on average)
prom2lts-mc: States per second: 148478, Transitions per second: 1038416
prom2lts-mc:
prom2lts-mc: State space has 14083184 states, 3188645 are accepting
prom2lts-mc: cndfs_1 (permutation: dynamic) stats:
prom2lts-mc: blue states: 14083184 (100.00%), transitions: 0 (per worker)
prom2lts-mc: red states: 0 (0.00%), bogus: 0  (0.00%), transitions: 0, waits: 0 (0.00 sec)
prom2lts-mc: all-red states: 3188645 (22.64%), bogus 0 (0.00%)
prom2lts-mc:
prom2lts-mc: Total memory used for local state coloring: 0.0MB
prom2lts-mc:
prom2lts-mc: Queue width: 8B, total height: 79, memory: 0.00MB
prom2lts-mc: Tree memory: 197.6MB, 14.7 B/state, compr.: 8.5%
prom2lts-mc: Tree fill ratio (roots/leafs): 0.0%/0.0%
prom2lts-mc: Stored 164 string chucks using 0MB
prom2lts-mc: Total memory used for chunk indexing: 0MB
prom2lts-mc: Est. total memory use: 197.6MB (~65536.0MB paged-in)

Time: 1m 43s