prom2lts-mc --strategy=cndfs --threads=32 --ltl='[] ((pc\[0\] == "ws") -> (<> (pc\[0\] == "cs")))' tas.pml.spins
prom2lts-mc: Precompiled SpinS module initialized
prom2lts-mc( 0/32): Loading model from tas.pml.spins
prom2lts-mc(25/32): LTL layer: formula: [] ((pc\[0\] == "ws") -> (<> (pc\[0\] == "cs")))
prom2lts-mc(25/32): "[] ((pc\[0\] == "ws") -> (<> (pc\[0\] == "cs")))" is not a file, parsing as formula...
prom2lts-mc(25/32): Using Spin LTL semantics
prom2lts-mc( 0/32): Weak Buchi automaton detected, adding non-accepting as progress label.
prom2lts-mc( 0/32): There are 187 state labels and 2 edge labels
prom2lts-mc( 0/32): State length is 43, there are 159 groups
prom2lts-mc( 0/32): Running cndfs using 32 cores
prom2lts-mc( 0/32): Using a tree table with 2^33 elements
prom2lts-mc( 0/32): Successor permutation: dynamic
prom2lts-mc( 0/32): Global bits: 2, count bits: 0, local bits: 0
prom2lts-mc(17/32): [Blue] ~35 levels ~9600 states ~21152 transitions
prom2lts-mc(17/32): [Blue] ~35 levels ~19200 states ~36736 transitions
prom2lts-mc(28/32): [Blue] ~37 levels ~38400 states ~66560 transitions
prom2lts-mc(10/32): [Blue] ~78 levels ~76800 states ~407360 transitions
prom2lts-mc(10/32): [Blue] ~78 levels ~153600 states ~906656 transitions
prom2lts-mc( 6/32): [Blue] ~71 levels ~307200 states ~1784640 transitions
prom2lts-mc( 4/32): [Blue] ~71 levels ~614400 states ~4075232 transitions
prom2lts-mc( 4/32): [Blue] ~71 levels ~1228800 states ~9114144 transitions
prom2lts-mc( 4/32): [Blue] ~71 levels ~2457600 states ~19574240 transitions
prom2lts-mc(11/32): [Blue] ~70 levels ~4915200 states ~36050112 transitions
prom2lts-mc(22/32): [Blue] ~78 levels ~9830400 states ~58240448 transitions
prom2lts-mc( 0/32):
prom2lts-mc( 0/32): Empty product with LTL!
prom2lts-mc( 0/32):
prom2lts-mc( 0/32):
prom2lts-mc( 0/32): Explored 14261685 states 100186551 transitions, fanout: 7.025
prom2lts-mc( 0/32): Total exploration time 6.980 sec (6.980 sec minimum, 6.980 sec on average)
prom2lts-mc( 0/32): States per second: 2043221, Transitions per second: 14353374
prom2lts-mc( 0/32):
prom2lts-mc( 0/32): State space has 14083184 states, 3187553 are accepting
prom2lts-mc( 0/32): cndfs_1 (permutation: dynamic) stats:
prom2lts-mc( 0/32): blue states: 14261685 (101.27%), transitions: 0 (per worker)
prom2lts-mc( 0/32): red states: 0 (0.00%), bogus: 0  (0.00%), transitions: 0, waits: 0 (0.00 sec)
prom2lts-mc( 0/32): all-red states: 3187553 (22.63%), bogus 14906 (0.11%)
prom2lts-mc( 0/32):
prom2lts-mc( 0/32): Total memory used for local state coloring: 0.0MB
prom2lts-mc( 0/32):
prom2lts-mc( 0/32): Queue width: 8B, total height: 2104, memory: 0.02MB
prom2lts-mc( 0/32): Tree memory: 197.6MB, 14.7 B/state, compr.: 8.5%
prom2lts-mc( 0/32): Tree fill ratio (roots/leafs): 0.0%/0.0%
prom2lts-mc( 0/32): Stored 164 string chucks using 0MB
prom2lts-mc( 0/32): Total memory used for chunk indexing: 0MB
prom2lts-mc( 0/32): Est. total memory use: 197.6MB (~65536.0MB paged-in)

Times: 17s