../spin -run tas.pml                                                           ✔  16:47:46 
ltl lofree: [] ((! ((pc[1]==ws))) || (<> ((pc[1]==cs))))
Depth=     157 States=    1e+06 Transitions= 5.43e+06 Memory=   198.847	t=     1.29 R=   8e+05
Depth=     157 States=    2e+06 Transitions=  1.1e+07 Memory=   275.116	t=     2.76 R=   7e+05
Depth=     157 States=    3e+06 Transitions= 1.77e+07 Memory=   341.327	t=     4.52 R=   7e+05
Depth=     157 States=    4e+06 Transitions= 2.34e+07 Memory=   401.190	t=     6.17 R=   6e+05
Depth=     157 States=    5e+06 Transitions= 2.89e+07 Memory=   461.249	t=     7.78 R=   6e+05
Depth=     157 States=    6e+06 Transitions= 3.52e+07 Memory=   521.112	t=     9.63 R=   6e+05
Depth=     157 States=    7e+06 Transitions=  4.2e+07 Memory=   580.976	t=     11.6 R=   6e+05
Depth=     157 States=    8e+06 Transitions= 4.75e+07 Memory=   640.937	t=     13.3 R=   6e+05
Depth=     157 States=    9e+06 Transitions= 5.36e+07 Memory=   700.897	t=     15.2 R=   6e+05
Depth=     157 States=    1e+07 Transitions= 5.91e+07 Memory=   761.054	t=     16.9 R=   6e+05
Depth=     157 States=  1.1e+07 Transitions= 6.56e+07 Memory=   821.210	t=     18.9 R=   6e+05
Depth=     157 States=  1.2e+07 Transitions= 7.21e+07 Memory=   881.269	t=       21 R=   6e+05
Depth=     157 States=  1.3e+07 Transitions= 7.91e+07 Memory=   941.132	t=     23.2 R=   6e+05
Depth=     157 States=  1.4e+07 Transitions= 8.59e+07 Memory=  1000.995	t=     25.4 R=   6e+05
Depth=     157 States=  1.5e+07 Transitions= 9.24e+07 Memory=  1060.956	t=     27.5 R=   5e+05
Depth=     157 States=  1.6e+07 Transitions= 9.97e+07 Memory=  1120.917	t=     29.9 R=   5e+05
Depth=     157 States=  1.7e+07 Transitions= 1.07e+08 Memory=  1180.780	t=     32.3 R=   5e+05

(Spin Version 6.5.1 -- 3 November 2019)
	+ Partial Order Reduction

Full statespace search for:
	never claim         	+ (lofree)
	assertion violations	+ (if within scope of claim)
	acceptance   cycles 	+ (fairness disabled)
	invalid end states	- (disabled by never claim)

State-vector 132 byte, depth reached 157, errors: 0
 14083184 states, stored (1.72718e+07 visited)
 92470713 states, matched
1.0974254e+08 transitions (= visited+matched)
        0 atomic steps
hash conflicts:  27157158 (resolved)

Stats on memory usage (in Megabytes):
 2148.923	equivalent memory usage for states (stored*(State-vector + overhead))
 1068.558	actual memory usage for states (compression: 49.73%)
         	state-vector as stored = 52 byte + 28 byte overhead
  128.000	memory used for hash table (-w24)
    0.534	memory used for DFS stack (-m10000)
 1196.991	total actual memory usage


unreached in proctype proc
	(0 of 19 states)
unreached in claim lofree
	_spin_nvr.tmp:10, state 13, "-end-"
	(1 of 13 states)

pan: elapsed time 33.1 seconds
pan: rate 522438.84 states/second