prom2lts-mc --strategy=ufscc --threads=8 --ltl='[] ((pc\[0\] == "ws") -> (<> (pc\[0\] == "cs")))' mcs.pml.spins
prom2lts-mc: Precompiled SpinS module initialized
prom2lts-mc( 0/ 8): Loading model from mcs.pml.spins
prom2lts-mc( 1/ 8): LTL layer: formula: [] ((pc\[0\] == "ws") -> (<> (pc\[0\] == "cs")))
prom2lts-mc( 1/ 8): "[] ((pc\[0\] == "ws") -> (<> (pc\[0\] == "cs")))" is not a file, parsing as formula...
prom2lts-mc( 1/ 8): Using Spin LTL semantics
prom2lts-mc( 0/ 8): Weak Buchi automaton detected, adding non-accepting as progress label.
prom2lts-mc( 0/ 8): There are 256 state labels and 2 edge labels
prom2lts-mc( 0/ 8): State length is 40, there are 231 groups
prom2lts-mc( 0/ 8): Running ufscc using 8 cores
prom2lts-mc( 0/ 8): Using a tree table with 2^33 elements
prom2lts-mc( 0/ 8): Successor permutation: dynamic
prom2lts-mc( 0/ 8): Global bits: 0, count bits: 0, local bits: 0
prom2lts-mc( 2/ 8): ~81 levels ~9600 states ~37384 transitions
prom2lts-mc( 4/ 8): ~83 levels ~19200 states ~74736 transitions
prom2lts-mc( 4/ 8): ~83 levels ~38400 states ~148496 transitions
prom2lts-mc( 4/ 8): ~85 levels ~76800 states ~293088 transitions
prom2lts-mc( 4/ 8): ~85 levels ~153600 states ~587864 transitions
prom2lts-mc( 4/ 8): ~85 levels ~307200 states ~1163032 transitions
prom2lts-mc( 0/ 8): ~79 levels ~614400 states ~2415376 transitions
prom2lts-mc( 0/ 8): ~79 levels ~1228800 states ~4806816 transitions
prom2lts-mc( 0/ 8): ~81 levels ~2457600 states ~9529096 transitions
prom2lts-mc( 7/ 8): ~83 levels ~4915200 states ~20819288 transitions
prom2lts-mc( 7/ 8): ~85 levels ~9830400 states ~41547200 transitions
prom2lts-mc( 2/ 8): ~83 levels ~19660800 states ~88667976 transitions
prom2lts-mc( 0/ 8):
prom2lts-mc( 0/ 8): Empty product with LTL!
prom2lts-mc( 0/ 8):
prom2lts-mc( 0/ 8):
prom2lts-mc( 0/ 8): total scc count:            28067847
prom2lts-mc( 0/ 8): unique states count:        28067847
prom2lts-mc( 0/ 8): unique transitions count:   127053375
prom2lts-mc( 0/ 8): - self-loop count:          4052
prom2lts-mc( 0/ 8): - claim dead count:         99001761
prom2lts-mc( 0/ 8): - claim found count:        0
prom2lts-mc( 0/ 8): - claim success count:      28080830
prom2lts-mc( 0/ 8): - cum. max stack depth:     672
prom2lts-mc( 0/ 8):
prom2lts-mc( 0/ 8): Explored 28080830 states 127119447 transitions, fanout: 4.527
prom2lts-mc( 0/ 8): Total exploration time 27.180 sec (27.180 sec minimum, 27.180 sec on average)
prom2lts-mc( 0/ 8): States per second: 1033143, Transitions per second: 4676948
prom2lts-mc( 0/ 8):
prom2lts-mc( 0/ 8): Queue width: 12B, total height: 0, memory: 0.00MB
prom2lts-mc( 0/ 8): Tree memory: 305.7MB, 11.4 B/state, compr.: 7.0%
prom2lts-mc( 0/ 8): Tree fill ratio (roots/leafs): 0.0%/0.0%
prom2lts-mc( 0/ 8): Stored 246 string chucks using 0MB
prom2lts-mc( 0/ 8): Total memory used for chunk indexing: 0MB
prom2lts-mc( 0/ 8): Est. total memory use: 305.7MB (~65536.0MB paged-in)

Time: 57s