prom2lts-mc --strategy=cndfs --threads=24 --ltl='[] ((pc\[0\] == "ws") -> (<> (pc\[0\] == "cs")))' mcs.pml.spins
prom2lts-mc: Precompiled SpinS module initialized
prom2lts-mc( 0/24): Loading model from mcs.pml.spins
prom2lts-mc(21/24): LTL layer: formula: [] ((pc\[0\] == "ws") -> (<> (pc\[0\] == "cs")))
prom2lts-mc(21/24): "[] ((pc\[0\] == "ws") -> (<> (pc\[0\] == "cs")))" is not a file, parsing as formula...
prom2lts-mc(21/24): Using Spin LTL semantics
prom2lts-mc( 0/24): Weak Buchi automaton detected, adding non-accepting as progress label.
prom2lts-mc( 0/24): There are 256 state labels and 2 edge labels
prom2lts-mc( 0/24): State length is 40, there are 231 groups
prom2lts-mc( 0/24): Running cndfs using 24 cores
prom2lts-mc( 0/24): Using a tree table with 2^33 elements
prom2lts-mc( 0/24): Successor permutation: dynamic
prom2lts-mc( 0/24): Global bits: 2, count bits: 0, local bits: 0
prom2lts-mc( 2/24): [Blue] ~78 levels ~9600 states ~33408 transitions
prom2lts-mc( 4/24): [Blue] ~81 levels ~19200 states ~71784 transitions
prom2lts-mc( 9/24): [Blue] ~79 levels ~38400 states ~145488 transitions
prom2lts-mc( 6/24): [Blue] ~79 levels ~76800 states ~289704 transitions
prom2lts-mc(18/24): [Blue] ~79 levels ~153600 states ~591984 transitions
prom2lts-mc( 0/24): [Blue] ~81 levels ~307200 states ~1185312 transitions
prom2lts-mc( 6/24): [Blue] ~79 levels ~614400 states ~2321688 transitions
prom2lts-mc(18/24): [Blue] ~79 levels ~1228800 states ~4649472 transitions
prom2lts-mc(18/24): [Blue] ~81 levels ~2457600 states ~9780456 transitions
prom2lts-mc( 6/24): [Blue] ~81 levels ~4915200 states ~19406448 transitions
prom2lts-mc(18/24): [Blue] ~81 levels ~9830400 states ~40130208 transitions
prom2lts-mc( 6/24): [Blue] ~81 levels ~19660800 states ~82566096 transitions
prom2lts-mc( 0/24):
prom2lts-mc( 0/24): Empty product with LTL!
prom2lts-mc( 0/24):
prom2lts-mc( 0/24):
prom2lts-mc( 0/24): Explored 29894267 states 135924709 transitions, fanout: 4.547
prom2lts-mc( 0/24): Total exploration time 11.340 sec (11.340 sec minimum, 11.340 sec on average)
prom2lts-mc( 0/24): States per second: 2636179, Transitions per second: 11986305
prom2lts-mc( 0/24):
prom2lts-mc( 0/24): State space has 28067847 states, 3158882 are accepting
prom2lts-mc( 0/24): cndfs_1 (permutation: dynamic) stats:
prom2lts-mc( 0/24): blue states: 29894267 (106.51%), transitions: 0 (per worker)
prom2lts-mc( 0/24): red states: 0 (0.00%), bogus: 0  (0.00%), transitions: 0, waits: 0 (0.00 sec)
prom2lts-mc( 0/24): all-red states: 3158882 (11.25%), bogus 126706 (0.45%)
prom2lts-mc( 0/24):
prom2lts-mc( 0/24): Total memory used for local state coloring: 0.0MB
prom2lts-mc( 0/24):
prom2lts-mc( 0/24): Queue width: 8B, total height: 1982, memory: 0.02MB
prom2lts-mc( 0/24): Tree memory: 305.7MB, 11.4 B/state, compr.: 7.0%
prom2lts-mc( 0/24): Tree fill ratio (roots/leafs): 0.0%/0.0%
prom2lts-mc( 0/24): Stored 246 string chucks using 0MB
prom2lts-mc( 0/24): Total memory used for chunk indexing: 0MB
prom2lts-mc( 0/24): Est. total memory use: 305.7MB (~65536.0MB paged-in)

Time: 23s