prom2lts-mc --strategy=ufscc --threads=32 --ltl='[] ((pc\[0\] == "ws") -> (<> (pc\[0\] == "cs")))' mcs.pml.spins
prom2lts-mc: Precompiled SpinS module initialized
prom2lts-mc( 0/32): Loading model from mcs.pml.spins
prom2lts-mc(10/32): LTL layer: formula: [] ((pc\[0\] == "ws") -> (<> (pc\[0\] == "cs")))
prom2lts-mc(10/32): "[] ((pc\[0\] == "ws") -> (<> (pc\[0\] == "cs")))" is not a file, parsing as formula...
prom2lts-mc(10/32): Using Spin LTL semantics
prom2lts-mc( 0/32): Weak Buchi automaton detected, adding non-accepting as progress label.
prom2lts-mc( 0/32): There are 256 state labels and 2 edge labels
prom2lts-mc( 0/32): State length is 40, there are 231 groups
prom2lts-mc( 0/32): Running ufscc using 32 cores
prom2lts-mc( 0/32): Using a tree table with 2^33 elements
prom2lts-mc( 0/32): Successor permutation: dynamic
prom2lts-mc( 0/32): Global bits: 0, count bits: 0, local bits: 0
prom2lts-mc( 4/32): ~77 levels ~9600 states ~29504 transitions
prom2lts-mc( 4/32): ~77 levels ~19200 states ~68320 transitions
prom2lts-mc( 0/32): ~77 levels ~38400 states ~150144 transitions
prom2lts-mc( 0/32): ~77 levels ~76800 states ~296000 transitions
prom2lts-mc( 4/32): ~77 levels ~153600 states ~586016 transitions
prom2lts-mc(29/32): ~77 levels ~307200 states ~1184960 transitions
prom2lts-mc(17/32): ~79 levels ~614400 states ~2361536 transitions
prom2lts-mc(29/32): ~77 levels ~1228800 states ~4694656 transitions
prom2lts-mc(16/32): ~81 levels ~2457600 states ~9469536 transitions
prom2lts-mc(16/32): ~81 levels ~4915200 states ~18897600 transitions
prom2lts-mc(13/32): ~79 levels ~9830400 states ~37914112 transitions
prom2lts-mc(11/32): ~79 levels ~19660800 states ~76641216 transitions
prom2lts-mc( 0/32):
prom2lts-mc( 0/32): Empty product with LTL!
prom2lts-mc( 0/32):
prom2lts-mc( 0/32):
prom2lts-mc( 0/32): total scc count:            28067847
prom2lts-mc( 0/32): unique states count:        28067847
prom2lts-mc( 0/32): unique transitions count:   127053375
prom2lts-mc( 0/32): - self-loop count:          4058
prom2lts-mc( 0/32): - claim dead count:         99109280
prom2lts-mc( 0/32): - claim found count:        0
prom2lts-mc( 0/32): - claim success count:      28156680
prom2lts-mc( 0/32): - cum. max stack depth:     2608
prom2lts-mc( 0/32):
prom2lts-mc( 0/32): Explored 28156680 states 127511004 transitions, fanout: 4.529
prom2lts-mc( 0/32): Total exploration time 19.550 sec (19.550 sec minimum, 19.550 sec on average)
prom2lts-mc( 0/32): States per second: 1440240, Transitions per second: 6522302
prom2lts-mc( 0/32):
prom2lts-mc( 0/32): Queue width: 12B, total height: 0, memory: 0.00MB
prom2lts-mc( 0/32): Tree memory: 305.7MB, 11.4 B/state, compr.: 7.0%
prom2lts-mc( 0/32): Tree fill ratio (roots/leafs): 0.0%/0.0%
prom2lts-mc( 0/32): Stored 246 string chucks using 0MB
prom2lts-mc( 0/32): Total memory used for chunk indexing: 0MB
prom2lts-mc( 0/32): Est. total memory use: 305.7MB (~65536.0MB paged-in)

Time: 47s