prom2lts-mc --strategy=cndfs --threads=32 --ltl='[] ((pc\[0\] == "ws") -> (<> (pc\[0\] == "cs")))' mcs.pml.spins
prom2lts-mc: Precompiled SpinS module initialized
prom2lts-mc( 0/32): Loading model from mcs.pml.spins
prom2lts-mc(22/32): LTL layer: formula: [] ((pc\[0\] == "ws") -> (<> (pc\[0\] == "cs")))
prom2lts-mc(22/32): "[] ((pc\[0\] == "ws") -> (<> (pc\[0\] == "cs")))" is not a file, parsing as formula...
prom2lts-mc(22/32): Using Spin LTL semantics
prom2lts-mc( 0/32): Weak Buchi automaton detected, adding non-accepting as progress label.
prom2lts-mc( 0/32): There are 256 state labels and 2 edge labels
prom2lts-mc( 0/32): State length is 40, there are 231 groups
prom2lts-mc( 0/32): Running cndfs using 32 cores
prom2lts-mc( 0/32): Using a tree table with 2^33 elements
prom2lts-mc( 0/32): Successor permutation: dynamic
prom2lts-mc( 0/32): Global bits: 2, count bits: 0, local bits: 0
prom2lts-mc(19/32): [Blue] ~73 levels ~9600 states ~31712 transitions
prom2lts-mc(15/32): [Blue] ~77 levels ~19200 states ~68416 transitions
prom2lts-mc(29/32): [Blue] ~79 levels ~38400 states ~149664 transitions
prom2lts-mc(29/32): [Blue] ~79 levels ~76800 states ~293664 transitions
prom2lts-mc(19/32): [Blue] ~81 levels ~153600 states ~593632 transitions
prom2lts-mc( 7/32): [Blue] ~77 levels ~307200 states ~1189824 transitions
prom2lts-mc( 7/32): [Blue] ~77 levels ~614400 states ~2331552 transitions
prom2lts-mc( 7/32): [Blue] ~81 levels ~1228800 states ~4670688 transitions
prom2lts-mc( 7/32): [Blue] ~81 levels ~2457600 states ~9480032 transitions
prom2lts-mc( 7/32): [Blue] ~81 levels ~4915200 states ~18560128 transitions
prom2lts-mc(12/32): [Blue] ~83 levels ~9830400 states ~36841056 transitions
prom2lts-mc( 7/32): [Blue] ~83 levels ~19660800 states ~76628960 transitions
prom2lts-mc( 0/32):
prom2lts-mc( 0/32): Empty product with LTL!
prom2lts-mc( 0/32):
prom2lts-mc( 0/32):
prom2lts-mc( 0/32): Explored 29822569 states 135526810 transitions, fanout: 4.544
prom2lts-mc( 0/32): Total exploration time 10.620 sec (10.620 sec minimum, 10.620 sec on average)
prom2lts-mc( 0/32): States per second: 2808152, Transitions per second: 12761471
prom2lts-mc( 0/32):
prom2lts-mc( 0/32): State space has 28067847 states, 3160960 are accepting
prom2lts-mc( 0/32): cndfs_1 (permutation: dynamic) stats:
prom2lts-mc( 0/32): blue states: 29822569 (106.25%), transitions: 0 (per worker)
prom2lts-mc( 0/32): red states: 0 (0.00%), bogus: 0  (0.00%), transitions: 0, waits: 0 (0.00 sec)
prom2lts-mc( 0/32): all-red states: 3160960 (11.26%), bogus 141013 (0.50%)
prom2lts-mc( 0/32):
prom2lts-mc( 0/32): Total memory used for local state coloring: 0.0MB
prom2lts-mc( 0/32):
prom2lts-mc( 0/32): Queue width: 8B, total height: 2638, memory: 0.02MB
prom2lts-mc( 0/32): Tree memory: 305.7MB, 11.4 B/state, compr.: 7.0%
prom2lts-mc( 0/32): Tree fill ratio (roots/leafs): 0.0%/0.0%
prom2lts-mc( 0/32): Stored 246 string chucks using 0MB
prom2lts-mc( 0/32): Total memory used for chunk indexing: 0MB
prom2lts-mc( 0/32): Est. total memory use: 305.7MB (~65536.0MB paged-in)

Time: 23s