prom2lts-mc --strategy=cndfs --threads=8 --ltl='[] ((pc\[0\] == "ws") -> (<> (pc\[0\] == "cs")))' mcs.pml.spins
prom2lts-mc: Precompiled SpinS module initialized
prom2lts-mc( 0/ 8): Loading model from mcs.pml.spins
prom2lts-mc( 7/ 8): LTL layer: formula: [] ((pc\[0\] == "ws") -> (<> (pc\[0\] == "cs")))
prom2lts-mc( 7/ 8): "[] ((pc\[0\] == "ws") -> (<> (pc\[0\] == "cs")))" is not a file, parsing as formula...
prom2lts-mc( 7/ 8): Using Spin LTL semantics
prom2lts-mc( 0/ 8): Weak Buchi automaton detected, adding non-accepting as progress label.
prom2lts-mc( 0/ 8): There are 256 state labels and 2 edge labels
prom2lts-mc( 0/ 8): State length is 40, there are 231 groups
prom2lts-mc( 0/ 8): Running cndfs using 8 cores
prom2lts-mc( 0/ 8): Using a tree table with 2^33 elements
prom2lts-mc( 0/ 8): Successor permutation: dynamic
prom2lts-mc( 0/ 8): Global bits: 2, count bits: 0, local bits: 0
prom2lts-mc( 1/ 8): [Blue] ~71 levels ~9600 states ~37624 transitions
prom2lts-mc( 0/ 8): [Blue] ~81 levels ~19200 states ~74680 transitions
prom2lts-mc( 1/ 8): [Blue] ~75 levels ~38400 states ~148824 transitions
prom2lts-mc( 1/ 8): [Blue] ~75 levels ~76800 states ~296072 transitions
prom2lts-mc( 0/ 8): [Blue] ~81 levels ~153600 states ~586640 transitions
prom2lts-mc( 6/ 8): [Blue] ~77 levels ~307200 states ~1168312 transitions
prom2lts-mc( 1/ 8): [Blue] ~79 levels ~614400 states ~2339696 transitions
prom2lts-mc( 7/ 8): [Blue] ~79 levels ~1228800 states ~4710768 transitions
prom2lts-mc( 1/ 8): [Blue] ~79 levels ~2457600 states ~9360472 transitions
prom2lts-mc( 6/ 8): [Blue] ~79 levels ~4915200 states ~18795168 transitions
prom2lts-mc( 6/ 8): [Blue] ~83 levels ~9830400 states ~39697056 transitions
prom2lts-mc( 0/ 8): [Blue] ~83 levels ~19660800 states ~85783072 transitions
prom2lts-mc( 0/ 8):
prom2lts-mc( 0/ 8): Empty product with LTL!
prom2lts-mc( 0/ 8):
prom2lts-mc( 0/ 8):
prom2lts-mc( 0/ 8): Explored 29068860 states 131910669 transitions, fanout: 4.538
prom2lts-mc( 0/ 8): Total exploration time 22.170 sec (22.170 sec minimum, 22.170 sec on average)
prom2lts-mc( 0/ 8): States per second: 1311180, Transitions per second: 5949962
prom2lts-mc( 0/ 8):
prom2lts-mc( 0/ 8): State space has 28067847 states, 3153517 are accepting
prom2lts-mc( 0/ 8): cndfs_1 (permutation: dynamic) stats:
prom2lts-mc( 0/ 8): blue states: 29068860 (103.57%), transitions: 0 (per worker)
prom2lts-mc( 0/ 8): red states: 0 (0.00%), bogus: 0  (0.00%), transitions: 0, waits: 0 (0.00 sec)
prom2lts-mc( 0/ 8): all-red states: 3153517 (11.24%), bogus 74656 (0.27%)
prom2lts-mc( 0/ 8):
prom2lts-mc( 0/ 8): Total memory used for local state coloring: 0.0MB
prom2lts-mc( 0/ 8):
prom2lts-mc( 0/ 8): Queue width: 8B, total height: 670, memory: 0.01MB
prom2lts-mc( 0/ 8): Tree memory: 305.7MB, 11.4 B/state, compr.: 7.0%
prom2lts-mc( 0/ 8): Tree fill ratio (roots/leafs): 0.0%/0.0%
prom2lts-mc( 0/ 8): Stored 246 string chucks using 0MB
prom2lts-mc( 0/ 8): Total memory used for chunk indexing: 0MB
prom2lts-mc( 0/ 8): Est. total memory use: 305.7MB (~65536.0MB paged-in)

Time: 35s