prom2lts-mc --strategy=cndfs --threads=16 --ltl='[] ((pc\[0\] == "ws") -> (<> (pc\[0\] == "cs")))' mcs.pml.spins
prom2lts-mc: Precompiled SpinS module initialized
prom2lts-mc( 0/16): Loading model from mcs.pml.spins
prom2lts-mc( 8/16): LTL layer: formula: [] ((pc\[0\] == "ws") -> (<> (pc\[0\] == "cs")))
prom2lts-mc( 8/16): "[] ((pc\[0\] == "ws") -> (<> (pc\[0\] == "cs")))" is not a file, parsing as formula...
prom2lts-mc( 8/16): Using Spin LTL semantics
prom2lts-mc( 0/16): Weak Buchi automaton detected, adding non-accepting as progress label.
prom2lts-mc( 0/16): There are 256 state labels and 2 edge labels
prom2lts-mc( 0/16): State length is 40, there are 231 groups
prom2lts-mc( 0/16): Running cndfs using 16 cores
prom2lts-mc( 0/16): Using a tree table with 2^33 elements
prom2lts-mc( 0/16): Successor permutation: dynamic
prom2lts-mc( 0/16): Global bits: 2, count bits: 0, local bits: 0
prom2lts-mc(14/16): [Blue] ~80 levels ~9600 states ~35536 transitions
prom2lts-mc(12/16): [Blue] ~79 levels ~19200 states ~74944 transitions
prom2lts-mc(10/16): [Blue] ~79 levels ~38400 states ~149312 transitions
prom2lts-mc( 2/16): [Blue] ~79 levels ~76800 states ~300752 transitions
prom2lts-mc( 1/16): [Blue] ~77 levels ~153600 states ~581184 transitions
prom2lts-mc( 9/16): [Blue] ~83 levels ~307200 states ~1188352 transitions
prom2lts-mc( 5/16): [Blue] ~79 levels ~614400 states ~2362624 transitions
prom2lts-mc( 6/16): [Blue] ~79 levels ~1228800 states ~4834608 transitions
prom2lts-mc(13/16): [Blue] ~85 levels ~2457600 states ~9996112 transitions
prom2lts-mc( 5/16): [Blue] ~79 levels ~4915200 states ~18723600 transitions
prom2lts-mc(13/16): [Blue] ~85 levels ~9830400 states ~39531152 transitions
prom2lts-mc(10/16): [Blue] ~81 levels ~19660800 states ~85891856 transitions
prom2lts-mc( 0/16):
prom2lts-mc( 0/16): Empty product with LTL!
prom2lts-mc( 0/16):
prom2lts-mc( 0/16):
prom2lts-mc( 0/16): Explored 29433654 states 133759317 transitions, fanout: 4.544
prom2lts-mc( 0/16): Total exploration time 13.630 sec (13.630 sec minimum, 13.630 sec on average)
prom2lts-mc( 0/16): States per second: 2159476, Transitions per second: 9813596
prom2lts-mc( 0/16):
prom2lts-mc( 0/16): State space has 28067847 states, 3159106 are accepting
prom2lts-mc( 0/16): cndfs_1 (permutation: dynamic) stats:
prom2lts-mc( 0/16): blue states: 29433654 (104.87%), transitions: 0 (per worker)
prom2lts-mc( 0/16): red states: 0 (0.00%), bogus: 0  (0.00%), transitions: 0, waits: 0 (0.00 sec)
prom2lts-mc( 0/16): all-red states: 3159106 (11.26%), bogus 120250 (0.43%)
prom2lts-mc( 0/16):
prom2lts-mc( 0/16): Total memory used for local state coloring: 0.0MB
prom2lts-mc( 0/16):
prom2lts-mc( 0/16): Queue width: 8B, total height: 1316, memory: 0.01MB
prom2lts-mc( 0/16): Tree memory: 305.7MB, 11.4 B/state, compr.: 7.0%
prom2lts-mc( 0/16): Tree fill ratio (roots/leafs): 0.0%/0.0%
prom2lts-mc( 0/16): Stored 246 string chucks using 0MB
prom2lts-mc( 0/16): Total memory used for chunk indexing: 0MB
prom2lts-mc( 0/16): Est. total memory use: 305.7MB (~65536.0MB paged-in)

Time: 26s