prom2lts-mc --strategy=cndfs --threads=8 --ltl='[] ((pc\[0\] == "ws") -> (<> (pc\[0\] == "cs")))' anderson-new.pml.spins
prom2lts-mc: Precompiled SpinS module initialized
prom2lts-mc( 0/ 8): Loading model from anderson-new.pml.spins
prom2lts-mc( 5/ 8): LTL layer: formula: [] ((pc\[0\] == "ws") -> (<> (pc\[0\] == "cs")))
prom2lts-mc( 5/ 8): "[] ((pc\[0\] == "ws") -> (<> (pc\[0\] == "cs")))" is not a file, parsing as formula...
prom2lts-mc( 5/ 8): Using Spin LTL semantics
prom2lts-mc( 0/ 8): Weak Buchi automaton detected, adding non-accepting as progress label.
prom2lts-mc( 0/ 8): There are 202 state labels and 2 edge labels
prom2lts-mc( 0/ 8): State length is 49, there are 165 groups
prom2lts-mc( 0/ 8): Running cndfs using 8 cores
prom2lts-mc( 0/ 8): Using a tree table with 2^33 elements
prom2lts-mc( 0/ 8): Successor permutation: dynamic
prom2lts-mc( 0/ 8): Global bits: 2, count bits: 0, local bits: 0
prom2lts-mc( 7/ 8): [Blue] ~64 levels ~9600 states ~37480 transitions
prom2lts-mc( 7/ 8): [Blue] ~64 levels ~19200 states ~86952 transitions
prom2lts-mc( 4/ 8): [Blue] ~64 levels ~38400 states ~194592 transitions
prom2lts-mc( 4/ 8): [Blue] ~64 levels ~76800 states ~416648 transitions
prom2lts-mc( 7/ 8): [Blue] ~64 levels ~153600 states ~886936 transitions
prom2lts-mc( 7/ 8): [Blue] ~64 levels ~307200 states ~1793264 transitions
prom2lts-mc( 7/ 8): [Blue] ~64 levels ~614400 states ~3638992 transitions
prom2lts-mc( 7/ 8): [Blue] ~64 levels ~1228800 states ~7321664 transitions
prom2lts-mc( 7/ 8): [Blue] ~64 levels ~2457600 states ~14666064 transitions
prom2lts-mc( 7/ 8): [Blue] ~64 levels ~4915200 states ~29399664 transitions
prom2lts-mc( 7/ 8): [Blue] ~64 levels ~9830400 states ~58824384 transitions
prom2lts-mc( 7/ 8): [Blue] ~64 levels ~19660800 states ~117723392 transitions
prom2lts-mc( 7/ 8): [Blue] ~64 levels ~39321600 states ~235468680 transitions
prom2lts-mc( 7/ 8): [Blue] ~64 levels ~78643200 states ~470943952 transitions
prom2lts-mc( 7/ 8): [Blue] ~64 levels ~157286400 states ~942079368 transitions
prom2lts-mc( 7/ 8): [Blue] ~64 levels ~314572800 states ~1883864464 transitions
prom2lts-mc( 7/ 8): [Blue] ~64 levels ~629145600 states ~3767938328 transitions
prom2lts-mc( 7/ 8): [Blue] ~64 levels ~1258291200 states ~7534648464 transitions
prom2lts-mc( 7/ 8): [Blue] ~64 levels ~2516582400 states ~15070495080 transitions
prom2lts-mc( 7/ 8): [Blue] ~64 levels ~5033164800 states ~30144552880 transitions
prom2lts-mc( 4/ 8): Error: tree roots table full! Change -s/--ratio.
prom2lts-mc( 0/ 8):
prom2lts-mc( 0/ 8): Explored 8590419587 states 51443360092 transitions, fanout: 5.988
prom2lts-mc( 0/ 8): Total exploration time 4313.480 sec (4313.480 sec minimum, 4313.480 sec on average)
prom2lts-mc( 0/ 8): States per second: 1991529, Transitions per second: 11926185
prom2lts-mc( 0/ 8):
prom2lts-mc( 0/ 8): State space has 8588461936 states, 11063103 are accepting
prom2lts-mc( 0/ 8): cndfs_1 (permutation: dynamic) stats:
prom2lts-mc( 0/ 8): blue states: 8590419587 (100.02%), transitions: 0 (per worker)
prom2lts-mc( 0/ 8): red states: 0 (0.00%), bogus: 0  (0.00%), transitions: 0, waits: 0 (0.00 sec)
prom2lts-mc( 0/ 8): all-red states: 11063103 (0.13%), bogus 19553 (0.00%)
prom2lts-mc( 0/ 8):
prom2lts-mc( 0/ 8): Total memory used for local state coloring: 0.0MB
prom2lts-mc( 0/ 8):
prom2lts-mc( 0/ 8): Queue width: 8B, total height: 512, memory: 0.00MB
prom2lts-mc( 0/ 8): Tree memory: 65709.7MB, 8.0 B/state, compr.: 4.1%
prom2lts-mc( 0/ 8): Tree fill ratio (roots/leafs): 99.0%/1.0%
prom2lts-mc( 0/ 8): Stored 170 string chucks using 0MB
prom2lts-mc( 0/ 8): Total memory used for chunk indexing: 0MB
prom2lts-mc( 0/ 8): Est. total memory use: 65709.7MB (~65536.0MB paged-in)

Time: 1h:12m:6s