prom2lts-mc --strategy=cndfs --threads=24 --ltl='[] ((pc\[0\] == "ws") -> (<> (pc\[0\] == "cs")))' anderson-new.pml.spins
prom2lts-mc: Precompiled SpinS module initialized
prom2lts-mc( 0/24): Loading model from anderson-new.pml.spins
prom2lts-mc(20/24): LTL layer: formula: [] ((pc\[0\] == "ws") -> (<> (pc\[0\] == "cs")))
prom2lts-mc(20/24): "[] ((pc\[0\] == "ws") -> (<> (pc\[0\] == "cs")))" is not a file, parsing as formula...
prom2lts-mc(20/24): Using Spin LTL semantics
prom2lts-mc( 0/24): Weak Buchi automaton detected, adding non-accepting as progress label.
prom2lts-mc( 0/24): There are 202 state labels and 2 edge labels
prom2lts-mc( 0/24): State length is 49, there are 165 groups
prom2lts-mc( 0/24): Running cndfs using 24 cores
prom2lts-mc( 0/24): Using a tree table with 2^33 elements
prom2lts-mc( 0/24): Successor permutation: dynamic
prom2lts-mc( 0/24): Global bits: 2, count bits: 0, local bits: 0
prom2lts-mc(18/24): [Blue] ~64 levels ~9600 states ~33072 transitions
prom2lts-mc(17/24): [Blue] ~64 levels ~19200 states ~73704 transitions
prom2lts-mc(15/24): [Blue] ~64 levels ~38400 states ~169416 transitions
prom2lts-mc(15/24): [Blue] ~64 levels ~76800 states ~382032 transitions
prom2lts-mc(15/24): [Blue] ~64 levels ~153600 states ~809688 transitions
prom2lts-mc(17/24): [Blue] ~64 levels ~307200 states ~1645776 transitions
prom2lts-mc( 9/24): [Blue] ~64 levels ~614400 states ~3621096 transitions
prom2lts-mc(11/24): [Blue] ~64 levels ~1228800 states ~7272576 transitions
prom2lts-mc(11/24): [Blue] ~64 levels ~2457600 states ~14616000 transitions
prom2lts-mc( 9/24): [Blue] ~64 levels ~4915200 states ~29396448 transitions
prom2lts-mc( 9/24): [Blue] ~64 levels ~9830400 states ~58813752 transitions
prom2lts-mc(15/24): [Blue] ~64 levels ~19660800 states ~117652224 transitions
prom2lts-mc(12/24): [Blue] ~64 levels ~39321600 states ~234481680 transitions
prom2lts-mc(12/24): [Blue] ~64 levels ~78643200 states ~470087664 transitions
prom2lts-mc(12/24): [Blue] ~64 levels ~157286400 states ~941522304 transitions
prom2lts-mc(12/24): [Blue] ~64 levels ~314572800 states ~1884492936 transitions
prom2lts-mc(12/24): [Blue] ~64 levels ~629145600 states ~3768573696 transitions
prom2lts-mc( 2/24): [Blue] ~64 levels ~1258291200 states ~7510931304 transitions
prom2lts-mc( 2/24): [Blue] ~64 levels ~2516582400 states ~15050711952 transitions
prom2lts-mc( 2/24): [Blue] ~64 levels ~5033164800 states ~30136865544 transitions
prom2lts-mc(19/24): Error: tree roots table full! Change -s/--ratio.
prom2lts-mc( 0/24):
prom2lts-mc( 0/24): Explored 8600408083 states 51493034650 transitions, fanout: 5.987
prom2lts-mc( 0/24): Total exploration time 1811.670 sec (1811.670 sec minimum, 1811.670 sec on average)
prom2lts-mc( 0/24): States per second: 4747226, Transitions per second: 28422966
prom2lts-mc( 0/24):
prom2lts-mc( 0/24): State space has 8588725891 states, 12076818 are accepting
prom2lts-mc( 0/24): cndfs_1 (permutation: dynamic) stats:
prom2lts-mc( 0/24): blue states: 8600408083 (100.14%), transitions: 0 (per worker)
prom2lts-mc( 0/24): red states: 0 (0.00%), bogus: 0  (0.00%), transitions: 0, waits: 0 (0.00 sec)
prom2lts-mc( 0/24): all-red states: 12076818 (0.14%), bogus 78723 (0.00%)
prom2lts-mc( 0/24):
prom2lts-mc( 0/24): Total memory used for local state coloring: 0.0MB
prom2lts-mc( 0/24):
prom2lts-mc( 0/24): Queue width: 8B, total height: 1536, memory: 0.01MB
prom2lts-mc( 0/24): Tree memory: 65716.1MB, 8.0 B/state, compr.: 4.1%
prom2lts-mc( 0/24): Tree fill ratio (roots/leafs): 99.0%/1.0%
prom2lts-mc( 0/24): Stored 170 string chucks using 0MB
prom2lts-mc( 0/24): Total memory used for chunk indexing: 0MB
prom2lts-mc( 0/24): Est. total memory use: 65716.1MB (~65536.0MB paged-in)

Time: 30m 24s