prom2lts-seq --por --proviso=color --strategy=scc --ltl='[] ((pc\[0\] == "ws") -> (<> (pc\[0\] == "cs")))' anderson.pml
prom2lts-seq: Precompiled SpinS module initialized
prom2lts-seq: Loading model from anderson.pml
SpinS Promela Compiler - version 1.1 (3-Feb-2015)
(C) University of Twente, Formal Methods and Tools group

Parsing anderson.pml...
Parsing anderson.pml done (0.0 sec)

Optimizing graphs...
   StateMerging changed 9 states/transitions.
   RemoveUselessActions changed 10 states/transitions.
   RemoveUselessGotos changed 1 states/transitions.
   RenumberAll changed 5 states/transitions.
Optimization done (0.0 sec)

Generating next-state function ...
   Instantiating processes
   Statically binding references
   Creating transitions
Generating next-state function done (0.0 sec)

Creating state vector
Creating state labels
Generating transitions/state dependency matrices (72 / 43 slots) ...
   Found        450 /      4,558 (  9.9%) Guard/slot reads
   Found        456 /      3,096 ( 14.7%) Transition/slot tests
   Found       224,       552,       104 /     8,600 (  2.6%,   6.4%,   1.2%) Actions/slot r,W,w
   Found       136,       488,        96 /     3,096 (  4.4%,  15.8%,   3.1%) Atomics/slot r,W,w
   Found       544,       488,        96 /     3,096 ( 17.6%,  15.8%,   3.1%) Transition/slot r,W,w
Generating transition/state dependency matrices done (0.0 sec)

Generating guard dependency matrices (106 guards) ...
   Found        688 /      5,618 ( 12.2%) Guard/guard dependencies
   Found      1,448 /      7,632 ( 19.0%) Transition/guard writes
   Found      1,432 /      5,184 ( 27.6%) Transition/transition writes
   Found        112 /      5,618 (  2.0%) !MCE guards
   Found         44 /      2,592 (  1.7%) !MCE transitions
   Found        129 /     11,236 (  1.1%) !ICE guards
   Found      6,720 /      7,632 ( 88.1%) !NES guards
   Found      4,336 /      5,184 ( 83.6%) !NES transitions
   Found      6,680 /      7,632 ( 87.5%) !NDS guards
   Found        392 /      7,632 (  5.1%) MDS guards
   Found        104 /      7,632 (  1.4%) MES guards
   Found      4,344 /      5,184 ( 83.8%) !NDS transitions
   Found      1,812 /      2,592 ( 69.9%) !DNA transitions
   Found        600 /      2,592 ( 23.1%) Commuting actions
Generating guard dependency matrices done (0.7 sec)

Written C code to /Users/ogatalab/Desktop/spin/anderson/anderson.pml.spins.c
Compiled C model to anderson.pml.spins
prom2lts-seq: Initializing POR dependencies: labels 106, guards 97
prom2lts-seq: LTL layer: formula: [] ((pc\[0\] == "ws") -> (<> (pc\[0\] == "cs")))
prom2lts-seq: "[] ((pc\[0\] == "ws") -> (<> (pc\[0\] == "cs")))" is not a file, parsing as formula...
prom2lts-seq: Using Spin LTL semantics
prom2lts-seq: buchi has 2 states
prom2lts-seq: Weak Buchi automaton detected, adding non-accepting as progress label.
prom2lts-seq: There are 108 state labels and 2 edge labels
prom2lts-seq: State length is 44, there are 75 groups
prom2lts-seq: Running scc search strategy
prom2lts-seq: Using a tree for state storage
prom2lts-seq: Visible groups: 24 / 75, labels: 0 / 108
prom2lts-seq: POR cycle proviso: color (ltl)
prom2lts-seq: explored 57 levels ~100000 states ~362853 transitions
prom2lts-seq: explored 57 levels ~200000 states ~727423 transitions
prom2lts-seq: explored 57 levels ~400000 states ~1454020 transitions
prom2lts-seq: explored 57 levels ~800000 states ~2918632 transitions
prom2lts-seq: explored 57 levels ~1600000 states ~5830753 transitions
prom2lts-seq: explored 57 levels ~3200000 states ~11642444 transitions
prom2lts-seq: explored 57 levels ~6400000 states ~23353487 transitions
prom2lts-seq: explored 57 levels ~12800000 states ~46643325 transitions
prom2lts-seq: explored 57 levels ~25600000 states ~93143128 transitions
prom2lts-seq: Empty product with LTL!
prom2lts-seq: state space 57 levels, 40203932 states 146572857 transitions

Time: 9m 40s