spin -run anderson.pml                                  ✔  14s   base   17:04:26 
Depth=      63 States=    1e+06 Transitions= 3.88e+06 Memory=   220.233	t=     0.76 R=   1e+06
Depth=      63 States=    2e+06 Transitions= 7.75e+06 Memory=   311.835	t=     1.53 R=   1e+06
Depth=      63 States=    3e+06 Transitions= 1.16e+07 Memory=   403.437	t=     2.33 R=   1e+06
Depth=      63 States=    4e+06 Transitions= 1.55e+07 Memory=   494.940	t=     3.14 R=   1e+06
Depth=      63 States=    5e+06 Transitions= 1.94e+07 Memory=   586.542	t=     3.96 R=   1e+06
Depth=      63 States=    6e+06 Transitions= 2.33e+07 Memory=   678.144	t=     4.79 R=   1e+06
Depth=      63 States=    7e+06 Transitions= 2.72e+07 Memory=   769.647	t=     5.63 R=   1e+06
Depth=      63 States=    8e+06 Transitions=  3.1e+07 Memory=   861.249	t=     6.52 R=   1e+06
Depth=      63 States=    9e+06 Transitions= 3.49e+07 Memory=   952.851	t=     7.38 R=   1e+06
Depth=      63 States=    1e+07 Transitions= 3.88e+07 Memory=  1044.452	t=     8.25 R=   1e+06
Depth=      63 States=  1.1e+07 Transitions= 4.27e+07 Memory=  1135.956	t=     9.14 R=   1e+06
Depth=      63 States=  1.2e+07 Transitions= 4.65e+07 Memory=  1227.558	t=     10.1 R=   1e+06
Depth=      63 States=  1.3e+07 Transitions= 5.04e+07 Memory=  1319.159	t=       11 R=   1e+06
Depth=      63 States=  1.4e+07 Transitions= 5.43e+07 Memory=  1410.663	t=     11.9 R=   1e+06
Depth=      63 States=  1.5e+07 Transitions= 5.82e+07 Memory=  1502.265	t=     12.9 R=   1e+06
Depth=      63 States=  1.6e+07 Transitions=  6.2e+07 Memory=  1593.866	t=     13.8 R=   1e+06
Depth=      63 States=  1.7e+07 Transitions= 6.59e+07 Memory=  1685.468	t=     14.8 R=   1e+06
Depth=      63 States=  1.8e+07 Transitions= 6.98e+07 Memory=  1776.972	t=     15.8 R=   1e+06
Depth=      63 States=  1.9e+07 Transitions= 7.37e+07 Memory=  1868.573	t=     16.8 R=   1e+06
Depth=      63 States=    2e+07 Transitions= 7.76e+07 Memory=  1960.175	t=     17.8 R=   1e+06
Depth=      63 States=  2.1e+07 Transitions= 8.14e+07 Memory=  2051.679	t=     18.9 R=   1e+06
Depth=      63 States=  2.2e+07 Transitions= 8.53e+07 Memory=  2143.280	t=     19.9 R=   1e+06
Depth=      63 States=  2.3e+07 Transitions= 8.92e+07 Memory=  2234.882	t=     20.9 R=   1e+06
Depth=      63 States=  2.4e+07 Transitions= 9.31e+07 Memory=  2326.483	t=       22 R=   1e+06
Depth=      63 States=  2.5e+07 Transitions=  9.7e+07 Memory=  2417.987	t=     23.1 R=   1e+06
Depth=      63 States=  2.6e+07 Transitions= 1.01e+08 Memory=  2509.589	t=     24.2 R=   1e+06
Depth=      63 States=  2.7e+07 Transitions= 1.05e+08 Memory=  2601.190	t=     25.3 R=   1e+06
Depth=      63 States=  2.8e+07 Transitions= 1.09e+08 Memory=  2692.694	t=     26.4 R=   1e+06
Depth=      63 States=  2.9e+07 Transitions= 1.12e+08 Memory=  2784.296	t=     27.6 R=   1e+06
Depth=      63 States=    3e+07 Transitions= 1.16e+08 Memory=  2875.897	t=     28.7 R=   1e+06
Depth=      63 States=  3.1e+07 Transitions=  1.2e+08 Memory=  2967.401	t=     29.9 R=   1e+06
Depth=      63 States=  3.2e+07 Transitions= 1.24e+08 Memory=  3059.003	t=       31 R=   1e+06
Depth=      63 States=  3.3e+07 Transitions= 1.28e+08 Memory=  3150.605	t=     32.2 R=   1e+06
Depth=      63 States=  3.4e+07 Transitions= 1.32e+08 Memory=  3242.206	t=     33.4 R=   1e+06
pan: resizing hashtable to -w26..  done
Depth=      63 States=  3.5e+07 Transitions= 1.36e+08 Memory=  3829.792	t=     40.2 R=   9e+05
Depth=      63 States=  3.6e+07 Transitions=  1.4e+08 Memory=  3921.394	t=     41.1 R=   9e+05
Depth=      63 States=  3.7e+07 Transitions= 1.44e+08 Memory=  4012.995	t=     42.1 R=   9e+05
Depth=      63 States=  3.8e+07 Transitions= 1.47e+08 Memory=  4104.499	t=       43 R=   9e+05
Depth=      63 States=  3.9e+07 Transitions= 1.51e+08 Memory=  4196.101	t=       44 R=   9e+05
Depth=      63 States=    4e+07 Transitions= 1.55e+08 Memory=  4287.702	t=     44.9 R=   9e+05
Depth=      63 States=  4.1e+07 Transitions= 1.59e+08 Memory=  4379.304	t=     45.8 R=   9e+05
Depth=      63 States=  4.2e+07 Transitions= 1.63e+08 Memory=  4470.808	t=     46.8 R=   9e+05
Depth=      63 States=  4.3e+07 Transitions= 1.67e+08 Memory=  4562.409	t=     47.8 R=   9e+05
Depth=      63 States=  4.4e+07 Transitions= 1.71e+08 Memory=  4654.011	t=     48.8 R=   9e+05
Depth=      63 States=  4.5e+07 Transitions= 1.75e+08 Memory=  4745.515	t=     49.8 R=   9e+05
Depth=      63 States=  4.6e+07 Transitions= 1.78e+08 Memory=  4837.116	t=     50.8 R=   9e+05
Depth=      63 States=  4.7e+07 Transitions= 1.82e+08 Memory=  4928.718	t=     51.8 R=   9e+05
Depth=      63 States=  4.8e+07 Transitions= 1.86e+08 Memory=  5020.222	t=     52.8 R=   9e+05
Depth=      63 States=  4.9e+07 Transitions=  1.9e+08 Memory=  5111.823	t=     53.8 R=   9e+05
Depth=      63 States=    5e+07 Transitions= 1.94e+08 Memory=  5203.425	t=     54.8 R=   9e+05
Depth=      63 States=  5.1e+07 Transitions= 1.98e+08 Memory=  5295.026	t=     55.8 R=   9e+05
Depth=      63 States=  5.2e+07 Transitions= 2.02e+08 Memory=  5386.530	t=     56.8 R=   9e+05
Depth=      63 States=  5.3e+07 Transitions= 2.06e+08 Memory=  5478.132	t=     57.8 R=   9e+05
Depth=      63 States=  5.4e+07 Transitions= 2.09e+08 Memory=  5569.733	t=     58.7 R=   9e+05
Depth=      63 States=  5.5e+07 Transitions= 2.13e+08 Memory=  5661.237	t=     59.7 R=   9e+05
Depth=      63 States=  5.6e+07 Transitions= 2.17e+08 Memory=  5752.839	t=     60.7 R=   9e+05
Depth=      63 States=  5.7e+07 Transitions= 2.21e+08 Memory=  5844.440	t=     61.7 R=   9e+05
Depth=      63 States=  5.8e+07 Transitions= 2.25e+08 Memory=  5936.042	t=     62.7 R=   9e+05
Depth=      63 States=  5.9e+07 Transitions= 2.29e+08 Memory=  6027.546	t=     63.7 R=   9e+05
Depth=      63 States=    6e+07 Transitions= 2.33e+08 Memory=  6119.147	t=     64.7 R=   9e+05
Depth=      63 States=  6.1e+07 Transitions= 2.37e+08 Memory=  6210.749	t=     65.8 R=   9e+05
Depth=      63 States=  6.2e+07 Transitions=  2.4e+08 Memory=  6302.253	t=     66.8 R=   9e+05
Depth=      63 States=  6.3e+07 Transitions= 2.44e+08 Memory=  6393.855	t=     67.8 R=   9e+05
Depth=      63 States=  6.4e+07 Transitions= 2.48e+08 Memory=  6485.456	t=     68.8 R=   9e+05
Depth=      63 States=  6.5e+07 Transitions= 2.52e+08 Memory=  6577.058	t=     69.9 R=   9e+05
Depth=      63 States=  6.6e+07 Transitions= 2.56e+08 Memory=  6668.562	t=     70.9 R=   9e+05
Depth=      63 States=  6.7e+07 Transitions=  2.6e+08 Memory=  6760.163	t=     71.9 R=   9e+05
Depth=      63 States=  6.8e+07 Transitions= 2.64e+08 Memory=  6851.765	t=       73 R=   9e+05
Depth=      63 States=  6.9e+07 Transitions= 2.68e+08 Memory=  6943.269	t=       74 R=   9e+05
Depth=      63 States=    7e+07 Transitions= 2.71e+08 Memory=  7034.870	t=       75 R=   9e+05
Depth=      63 States=  7.1e+07 Transitions= 2.75e+08 Memory=  7126.472	t=     76.2 R=   9e+05
Depth=      63 States=  7.2e+07 Transitions= 2.79e+08 Memory=  7218.073	t=     77.2 R=   9e+05
Depth=      63 States=  7.3e+07 Transitions= 2.83e+08 Memory=  7309.577	t=     78.3 R=   9e+05
Depth=      63 States=  7.4e+07 Transitions= 2.87e+08 Memory=  7401.179	t=     79.3 R=   9e+05
Depth=      63 States=  7.5e+07 Transitions= 2.91e+08 Memory=  7492.780	t=     80.4 R=   9e+05
Depth=      63 States=  7.6e+07 Transitions= 2.95e+08 Memory=  7584.284	t=     81.5 R=   9e+05
Depth=      63 States=  7.7e+07 Transitions= 2.99e+08 Memory=  7675.886	t=     82.5 R=   9e+05
Depth=      63 States=  7.8e+07 Transitions= 3.02e+08 Memory=  7767.487	t=     83.7 R=   9e+05
Depth=      63 States=  7.9e+07 Transitions= 3.06e+08 Memory=  7858.991	t=     84.8 R=   9e+05
Depth=      63 States=    8e+07 Transitions=  3.1e+08 Memory=  7950.593	t=     85.8 R=   9e+05
Depth=      63 States=  8.1e+07 Transitions= 3.14e+08 Memory=  8042.194	t=     86.9 R=   9e+05
Depth=      63 States=  8.2e+07 Transitions= 3.18e+08 Memory=  8133.796	t=       88 R=   9e+05
Depth=      63 States=  8.3e+07 Transitions= 3.22e+08 Memory=  8225.300	t=     89.1 R=   9e+05
Depth=      63 States=  8.4e+07 Transitions= 3.26e+08 Memory=  8316.901	t=     90.2 R=   9e+05
Depth=      63 States=  8.5e+07 Transitions=  3.3e+08 Memory=  8408.503	t=     91.3 R=   9e+05
Depth=      63 States=  8.6e+07 Transitions= 3.34e+08 Memory=  8500.007	t=     92.5 R=   9e+05
Depth=      63 States=  8.7e+07 Transitions= 3.37e+08 Memory=  8591.608	t=     93.6 R=   9e+05
Depth=      63 States=  8.8e+07 Transitions= 3.41e+08 Memory=  8683.210	t=     94.7 R=   9e+05
Depth=      63 States=  8.9e+07 Transitions= 3.45e+08 Memory=  8774.812	t=     95.8 R=   9e+05
Depth=      63 States=    9e+07 Transitions= 3.49e+08 Memory=  8866.315	t=       97 R=   9e+05
Depth=      63 States=  9.1e+07 Transitions= 3.53e+08 Memory=  8957.917	t=     98.1 R=   9e+05
Depth=      63 States=  9.2e+07 Transitions= 3.57e+08 Memory=  9049.519	t=     99.3 R=   9e+05
Depth=      63 States=  9.3e+07 Transitions= 3.61e+08 Memory=  9141.022	t=      100 R=   9e+05
Depth=      63 States=  9.4e+07 Transitions= 3.65e+08 Memory=  9232.624	t=      102 R=   9e+05
Depth=      63 States=  9.5e+07 Transitions= 3.68e+08 Memory=  9324.226	t=      103 R=   9e+05
Depth=      63 States=  9.6e+07 Transitions= 3.72e+08 Memory=  9415.827	t=      104 R=   9e+05
Depth=      63 States=  9.7e+07 Transitions= 3.76e+08 Memory=  9507.331	t=      105 R=   9e+05
Depth=      63 States=  9.8e+07 Transitions=  3.8e+08 Memory=  9598.933	t=      107 R=   9e+05
Depth=      63 States=  9.9e+07 Transitions= 3.84e+08 Memory=  9690.534	t=      108 R=   9e+05
Depth=      63 States=    1e+08 Transitions= 3.88e+08 Memory=  9782.038	t=      109 R=   9e+05
Depth=      63 States= 1.01e+08 Transitions= 3.92e+08 Memory=  9873.640	t=      110 R=   9e+05
Depth=      63 States= 1.02e+08 Transitions= 3.96e+08 Memory=  9965.241	t=      111 R=   9e+05
Depth=      63 States= 1.03e+08 Transitions= 3.99e+08 Memory= 10056.745	t=      113 R=   9e+05
Depth=      63 States= 1.04e+08 Transitions= 4.03e+08 Memory= 10148.347	t=      114 R=   9e+05
Depth=      63 States= 1.05e+08 Transitions= 4.07e+08 Memory= 10239.948	t=      115 R=   9e+05
Depth=      63 States= 1.06e+08 Transitions= 4.11e+08 Memory= 10331.550	t=      116 R=   9e+05
Depth=      63 States= 1.07e+08 Transitions= 4.15e+08 Memory= 10423.054	t=      117 R=   9e+05
Depth=      63 States= 1.08e+08 Transitions= 4.19e+08 Memory= 10514.655	t=      118 R=   9e+05
Depth=      63 States= 1.09e+08 Transitions= 4.23e+08 Memory= 10606.257	t=      120 R=   9e+05
Depth=      63 States=  1.1e+08 Transitions= 4.27e+08 Memory= 10697.761	t=      121 R=   9e+05
Depth=      63 States= 1.11e+08 Transitions=  4.3e+08 Memory= 10789.362	t=      122 R=   9e+05
Depth=      63 States= 1.12e+08 Transitions= 4.34e+08 Memory= 10880.964	t=      123 R=   9e+05
Depth=      63 States= 1.13e+08 Transitions= 4.38e+08 Memory= 10972.565	t=      124 R=   9e+05
Depth=      63 States= 1.14e+08 Transitions= 4.42e+08 Memory= 11064.069	t=      126 R=   9e+05
Depth=      63 States= 1.15e+08 Transitions= 4.46e+08 Memory= 11155.671	t=      127 R=   9e+05
Depth=      63 States= 1.16e+08 Transitions=  4.5e+08 Memory= 11247.272	t=      128 R=   9e+05
Depth=      63 States= 1.17e+08 Transitions= 4.54e+08 Memory= 11338.776	t=      129 R=   9e+05
Depth=      63 States= 1.18e+08 Transitions= 4.58e+08 Memory= 11430.378	t=      130 R=   9e+05
Depth=      63 States= 1.19e+08 Transitions= 4.61e+08 Memory= 11521.980	t=      132 R=   9e+05
Depth=      63 States=  1.2e+08 Transitions= 4.65e+08 Memory= 11613.581	t=      133 R=   9e+05
Depth=      63 States= 1.21e+08 Transitions= 4.69e+08 Memory= 11705.085	t=      134 R=   9e+05
Depth=      63 States= 1.22e+08 Transitions= 4.73e+08 Memory= 11796.687	t=      135 R=   9e+05
Depth=      63 States= 1.23e+08 Transitions= 4.77e+08 Memory= 11888.288	t=      137 R=   9e+05
Depth=      63 States= 1.24e+08 Transitions= 4.81e+08 Memory= 11979.792	t=      138 R=   9e+05
Depth=      63 States= 1.25e+08 Transitions= 4.85e+08 Memory= 12071.394	t=      139 R=   9e+05
Depth=      63 States= 1.26e+08 Transitions= 4.89e+08 Memory= 12162.995	t=      140 R=   9e+05
Depth=      63 States= 1.27e+08 Transitions= 4.92e+08 Memory= 12254.499	t=      141 R=   9e+05
Depth=      63 States= 1.28e+08 Transitions= 4.96e+08 Memory= 12346.101	t=      143 R=   9e+05
Depth=      63 States= 1.29e+08 Transitions=    5e+08 Memory= 12437.702	t=      144 R=   9e+05
Depth=      63 States=  1.3e+08 Transitions= 5.04e+08 Memory= 12529.304	t=      145 R=   9e+05
Depth=      63 States= 1.31e+08 Transitions= 5.08e+08 Memory= 12620.808	t=      147 R=   9e+05
Depth=      63 States= 1.32e+08 Transitions= 5.12e+08 Memory= 12712.409	t=      148 R=   9e+05
Depth=      63 States= 1.33e+08 Transitions= 5.16e+08 Memory= 12804.011	t=      149 R=   9e+05
Depth=      63 States= 1.34e+08 Transitions=  5.2e+08 Memory= 12895.515	t=      150 R=   9e+05
Depth=      63 States= 1.35e+08 Transitions= 5.24e+08 Memory= 12987.116	t=      152 R=   9e+05
pan: resizing hashtable to -w28..  done
Depth=      63 States= 1.36e+08 Transitions= 5.27e+08 Memory= 15062.655	t=      178 R=   8e+05
Depth=      63 States= 1.37e+08 Transitions= 5.31e+08 Memory= 15154.257	t=      179 R=   8e+05
Depth=      63 States= 1.38e+08 Transitions= 5.35e+08 Memory= 15245.858	t=      180 R=   8e+05
Depth=      63 States= 1.39e+08 Transitions= 5.39e+08 Memory= 15337.460	t=      181 R=   8e+05
Depth=      63 States=  1.4e+08 Transitions= 5.43e+08 Memory= 15428.964	t=      182 R=   8e+05
Depth=      63 States= 1.41e+08 Transitions= 5.47e+08 Memory= 15520.565	t=      183 R=   8e+05
Depth=      63 States= 1.42e+08 Transitions= 5.51e+08 Memory= 15612.167	t=      184 R=   8e+05
Depth=      63 States= 1.43e+08 Transitions= 5.55e+08 Memory= 15703.671	t=      185 R=   8e+05
Depth=      63 States= 1.44e+08 Transitions= 5.58e+08 Memory= 15795.272	t=      186 R=   8e+05
Depth=      63 States= 1.45e+08 Transitions= 5.62e+08 Memory= 15886.874	t=      187 R=   8e+05
Depth=      63 States= 1.46e+08 Transitions= 5.66e+08 Memory= 15978.476	t=      188 R=   8e+05
Depth=      63 States= 1.47e+08 Transitions=  5.7e+08 Memory= 16069.980	t=      188 R=   8e+05
Depth=      63 States= 1.48e+08 Transitions= 5.74e+08 Memory= 16161.581	t=      189 R=   8e+05
Depth=      63 States= 1.49e+08 Transitions= 5.78e+08 Memory= 16253.183	t=      190 R=   8e+05
Depth=      63 States=  1.5e+08 Transitions= 5.82e+08 Memory= 16344.687	t=      191 R=   8e+05
Depth=      63 States= 1.51e+08 Transitions= 5.86e+08 Memory= 16436.288	t=      192 R=   8e+05
Depth=      63 States= 1.52e+08 Transitions= 5.89e+08 Memory= 16527.890	t=      193 R=   8e+05
Depth=      63 States= 1.53e+08 Transitions= 5.93e+08 Memory= 16619.491	t=      194 R=   8e+05
Depth=      63 States= 1.54e+08 Transitions= 5.97e+08 Memory= 16710.995	t=      195 R=   8e+05
Depth=      63 States= 1.55e+08 Transitions= 6.01e+08 Memory= 16802.597	t=      196 R=   8e+05
Depth=      63 States= 1.56e+08 Transitions= 6.05e+08 Memory= 16894.198	t=      197 R=   8e+05
Depth=      63 States= 1.57e+08 Transitions= 6.09e+08 Memory= 16985.702	t=      198 R=   8e+05
Depth=      63 States= 1.58e+08 Transitions= 6.13e+08 Memory= 17077.304	t=      199 R=   8e+05
Depth=      63 States= 1.59e+08 Transitions= 6.17e+08 Memory= 17168.905	t=      200 R=   8e+05
Depth=      63 States=  1.6e+08 Transitions=  6.2e+08 Memory= 17260.409	t=      201 R=   8e+05
Depth=      63 States= 1.61e+08 Transitions= 6.24e+08 Memory= 17352.011	t=      202 R=   8e+05
Depth=      63 States= 1.62e+08 Transitions= 6.28e+08 Memory= 17443.612	t=      203 R=   8e+05
Depth=      63 States= 1.63e+08 Transitions= 6.32e+08 Memory= 17535.214	t=      204 R=   8e+05
Depth=      63 States= 1.64e+08 Transitions= 6.36e+08 Memory= 17626.718	t=      205 R=   8e+05
Depth=      63 States= 1.65e+08 Transitions=  6.4e+08 Memory= 17718.319	t=      206 R=   8e+05
Depth=      63 States= 1.66e+08 Transitions= 6.44e+08 Memory= 17809.921	t=      207 R=   8e+05
Depth=      63 States= 1.67e+08 Transitions= 6.48e+08 Memory= 17901.425	t=      208 R=   8e+05
Depth=      63 States= 1.68e+08 Transitions= 6.51e+08 Memory= 17993.026	t=      209 R=   8e+05
Depth=      63 States= 1.69e+08 Transitions= 6.55e+08 Memory= 18084.628	t=      210 R=   8e+05
Depth=      63 States=  1.7e+08 Transitions= 6.59e+08 Memory= 18176.230	t=      211 R=   8e+05
Depth=      63 States= 1.71e+08 Transitions= 6.63e+08 Memory= 18267.733	t=      212 R=   8e+05
Depth=      63 States= 1.72e+08 Transitions= 6.67e+08 Memory= 18359.335	t=      213 R=   8e+05
Depth=      63 States= 1.73e+08 Transitions= 6.71e+08 Memory= 18450.937	t=      214 R=   8e+05
Depth=      63 States= 1.74e+08 Transitions= 6.75e+08 Memory= 18542.440	t=      215 R=   8e+05
Depth=      63 States= 1.75e+08 Transitions= 6.79e+08 Memory= 18634.042	t=      216 R=   8e+05
Depth=      63 States= 1.76e+08 Transitions= 6.83e+08 Memory= 18725.644	t=      217 R=   8e+05
Depth=      63 States= 1.77e+08 Transitions= 6.86e+08 Memory= 18817.245	t=      218 R=   8e+05
Depth=      63 States= 1.78e+08 Transitions=  6.9e+08 Memory= 18908.749	t=      219 R=   8e+05
Depth=      63 States= 1.79e+08 Transitions= 6.94e+08 Memory= 19000.351	t=      220 R=   8e+05
Depth=      63 States=  1.8e+08 Transitions= 6.98e+08 Memory= 19091.952	t=      221 R=   8e+05
Depth=      63 States= 1.81e+08 Transitions= 7.02e+08 Memory= 19183.456	t=      222 R=   8e+05
Depth=      63 States= 1.82e+08 Transitions= 7.06e+08 Memory= 19275.058	t=      223 R=   8e+05
Depth=      63 States= 1.83e+08 Transitions=  7.1e+08 Memory= 19366.659	t=      224 R=   8e+05
Depth=      63 States= 1.84e+08 Transitions= 7.14e+08 Memory= 19458.163	t=      225 R=   8e+05
Depth=      63 States= 1.85e+08 Transitions= 7.17e+08 Memory= 19549.765	t=      226 R=   8e+05
Depth=      63 States= 1.86e+08 Transitions= 7.21e+08 Memory= 19641.366	t=      227 R=   8e+05
Depth=      63 States= 1.87e+08 Transitions= 7.25e+08 Memory= 19732.968	t=      228 R=   8e+05
Depth=      63 States= 1.88e+08 Transitions= 7.29e+08 Memory= 19824.472	t=      229 R=   8e+05
Depth=      63 States= 1.89e+08 Transitions= 7.33e+08 Memory= 19916.073	t=      230 R=   8e+05
Depth=      63 States=  1.9e+08 Transitions= 7.37e+08 Memory= 20007.675	t=      231 R=   8e+05
Depth=      63 States= 1.91e+08 Transitions= 7.41e+08 Memory= 20099.179	t=      232 R=   8e+05
Depth=      63 States= 1.92e+08 Transitions= 7.45e+08 Memory= 20190.780	t=      233 R=   8e+05
Depth=      63 States= 1.93e+08 Transitions= 7.48e+08 Memory= 20282.382	t=      234 R=   8e+05
Depth=      63 States= 1.94e+08 Transitions= 7.52e+08 Memory= 20373.983	t=      235 R=   8e+05
Depth=      63 States= 1.95e+08 Transitions= 7.56e+08 Memory= 20465.487	t=      236 R=   8e+05
Depth=      63 States= 1.96e+08 Transitions=  7.6e+08 Memory= 20557.089	t=      237 R=   8e+05
Depth=      63 States= 1.97e+08 Transitions= 7.64e+08 Memory= 20648.690	t=      238 R=   8e+05
Depth=      63 States= 1.98e+08 Transitions= 7.68e+08 Memory= 20740.194	t=      239 R=   8e+05
Depth=      63 States= 1.99e+08 Transitions= 7.72e+08 Memory= 20831.796	t=      240 R=   8e+05
Depth=      63 States=    2e+08 Transitions= 7.76e+08 Memory= 20923.397	t=      242 R=   8e+05
Depth=      63 States= 2.01e+08 Transitions=  7.8e+08 Memory= 21014.999	t=      243 R=   8e+05
Depth=      63 States= 2.02e+08 Transitions= 7.83e+08 Memory= 21106.503	t=      244 R=   8e+05
Depth=      63 States= 2.03e+08 Transitions= 7.87e+08 Memory= 21198.105	t=      245 R=   8e+05
Depth=      63 States= 2.04e+08 Transitions= 7.91e+08 Memory= 21289.706	t=      246 R=   8e+05
Depth=      63 States= 2.05e+08 Transitions= 7.95e+08 Memory= 21381.210	t=      247 R=   8e+05
Depth=      63 States= 2.06e+08 Transitions= 7.99e+08 Memory= 21472.812	t=      248 R=   8e+05
Depth=      63 States= 2.07e+08 Transitions= 8.03e+08 Memory= 21564.413	t=      249 R=   8e+05
Depth=      63 States= 2.08e+08 Transitions= 8.07e+08 Memory= 21655.917	t=      250 R=   8e+05
Depth=      63 States= 2.09e+08 Transitions= 8.11e+08 Memory= 21747.519	t=      251 R=   8e+05
Depth=      63 States=  2.1e+08 Transitions= 8.14e+08 Memory= 21839.120	t=      252 R=   8e+05
Depth=      63 States= 2.11e+08 Transitions= 8.18e+08 Memory= 21930.722	t=      253 R=   8e+05
Depth=      63 States= 2.12e+08 Transitions= 8.22e+08 Memory= 22022.226	t=      254 R=   8e+05
Depth=      63 States= 2.13e+08 Transitions= 8.26e+08 Memory= 22113.827	t=      255 R=   8e+05
Depth=      63 States= 2.14e+08 Transitions=  8.3e+08 Memory= 22205.429	t=      256 R=   8e+05
Depth=      63 States= 2.15e+08 Transitions= 8.34e+08 Memory= 22296.933	t=      257 R=   8e+05
Depth=      63 States= 2.16e+08 Transitions= 8.38e+08 Memory= 22388.534	t=      258 R=   8e+05
Depth=      63 States= 2.17e+08 Transitions= 8.42e+08 Memory= 22480.136	t=      259 R=   8e+05
Depth=      63 States= 2.18e+08 Transitions= 8.45e+08 Memory= 22571.737	t=      260 R=   8e+05
Depth=      63 States= 2.19e+08 Transitions= 8.49e+08 Memory= 22663.241	t=      261 R=   8e+05
Depth=      63 States=  2.2e+08 Transitions= 8.53e+08 Memory= 22754.843	t=      262 R=   8e+05
Depth=      63 States= 2.21e+08 Transitions= 8.57e+08 Memory= 22846.444	t=      263 R=   8e+05
Depth=      63 States= 2.22e+08 Transitions= 8.61e+08 Memory= 22937.948	t=      264 R=   8e+05
Depth=      63 States= 2.23e+08 Transitions= 8.65e+08 Memory= 23029.550	t=      265 R=   8e+05
Depth=      63 States= 2.24e+08 Transitions= 8.69e+08 Memory= 23121.151	t=      266 R=   8e+05
Depth=      63 States= 2.25e+08 Transitions= 8.73e+08 Memory= 23212.655	t=      267 R=   8e+05
Depth=      63 States= 2.26e+08 Transitions= 8.76e+08 Memory= 23304.257	t=      268 R=   8e+05
Depth=      63 States= 2.27e+08 Transitions=  8.8e+08 Memory= 23395.858	t=      269 R=   8e+05
Depth=      63 States= 2.28e+08 Transitions= 8.84e+08 Memory= 23487.460	t=      271 R=   8e+05
Depth=      63 States= 2.29e+08 Transitions= 8.88e+08 Memory= 23578.964	t=      272 R=   8e+05
Depth=      63 States=  2.3e+08 Transitions= 8.92e+08 Memory= 23670.565	t=      273 R=   8e+05
Depth=      63 States= 2.31e+08 Transitions= 8.96e+08 Memory= 23762.167	t=      274 R=   8e+05
Depth=      63 States= 2.32e+08 Transitions=    9e+08 Memory= 23853.671	t=      275 R=   8e+05
Depth=      63 States= 2.33e+08 Transitions= 9.04e+08 Memory= 23945.272	t=      276 R=   8e+05
Depth=      63 States= 2.34e+08 Transitions= 9.08e+08 Memory= 24036.874	t=      277 R=   8e+05
Depth=      63 States= 2.35e+08 Transitions= 9.11e+08 Memory= 24128.476	t=      278 R=   8e+05
Depth=      63 States= 2.36e+08 Transitions= 9.15e+08 Memory= 24219.980	t=      279 R=   8e+05
Depth=      63 States= 2.37e+08 Transitions= 9.19e+08 Memory= 24311.581	t=      280 R=   8e+05
Depth=      63 States= 2.38e+08 Transitions= 9.23e+08 Memory= 24403.183	t=      281 R=   8e+05
Depth=      63 States= 2.39e+08 Transitions= 9.27e+08 Memory= 24494.687	t=      282 R=   8e+05
Depth=      63 States=  2.4e+08 Transitions= 9.31e+08 Memory= 24586.288	t=      283 R=   8e+05
Depth=      63 States= 2.41e+08 Transitions= 9.35e+08 Memory= 24677.890	t=      284 R=   8e+05
Depth=      63 States= 2.42e+08 Transitions= 9.39e+08 Memory= 24769.491	t=      286 R=   8e+05
Depth=      63 States= 2.43e+08 Transitions= 9.42e+08 Memory= 24860.995	t=      287 R=   8e+05
Depth=      63 States= 2.44e+08 Transitions= 9.46e+08 Memory= 24952.597	t=      288 R=   8e+05
Depth=      63 States= 2.45e+08 Transitions=  9.5e+08 Memory= 25044.198	t=      289 R=   8e+05
Depth=      63 States= 2.46e+08 Transitions= 9.54e+08 Memory= 25135.702	t=      290 R=   8e+05
Depth=      63 States= 2.47e+08 Transitions= 9.58e+08 Memory= 25227.304	t=      291 R=   8e+05
Depth=      63 States= 2.48e+08 Transitions= 9.62e+08 Memory= 25318.905	t=      292 R=   8e+05
Depth=      63 States= 2.49e+08 Transitions= 9.66e+08 Memory= 25410.409	t=      294 R=   8e+05
Depth=      63 States=  2.5e+08 Transitions=  9.7e+08 Memory= 25502.011	t=      295 R=   8e+05
Depth=      63 States= 2.51e+08 Transitions= 9.73e+08 Memory= 25593.612	t=      296 R=   8e+05
Depth=      63 States= 2.52e+08 Transitions= 9.77e+08 Memory= 25685.214	t=      297 R=   8e+05
Depth=      63 States= 2.53e+08 Transitions= 9.81e+08 Memory= 25776.718	t=      298 R=   8e+05
Depth=      63 States= 2.54e+08 Transitions= 9.85e+08 Memory= 25868.319	t=      299 R=   8e+05
Depth=      63 States= 2.55e+08 Transitions= 9.89e+08 Memory= 25959.921	t=      300 R=   8e+05
Depth=      63 States= 2.56e+08 Transitions= 9.93e+08 Memory= 26051.425	t=      301 R=   8e+05
Depth=      63 States= 2.57e+08 Transitions= 9.97e+08 Memory= 26143.026	t=      302 R=   8e+05
Depth=      63 States= 2.58e+08 Transitions=    1e+09 Memory= 26234.628	t=      303 R=   9e+05
Depth=      63 States= 2.59e+08 Transitions=    1e+09 Memory= 26326.230	t=      305 R=   9e+05
Depth=      63 States=  2.6e+08 Transitions= 1.01e+09 Memory= 26417.733	t=      306 R=   9e+05
Depth=      63 States= 2.61e+08 Transitions= 1.01e+09 Memory= 26509.335	t=      307 R=   9e+05
Depth=      63 States= 2.62e+08 Transitions= 1.02e+09 Memory= 26600.937	t=      308 R=   9e+05
Depth=      63 States= 2.63e+08 Transitions= 1.02e+09 Memory= 26692.440	t=      309 R=   9e+05
Depth=      63 States= 2.64e+08 Transitions= 1.02e+09 Memory= 26784.042	t=      310 R=   9e+05
Depth=      63 States= 2.65e+08 Transitions= 1.03e+09 Memory= 26875.644	t=      311 R=   9e+05
Depth=      63 States= 2.66e+08 Transitions= 1.03e+09 Memory= 26967.147	t=      312 R=   9e+05
Depth=      63 States= 2.67e+08 Transitions= 1.04e+09 Memory= 27058.749	t=      313 R=   9e+05
Depth=      63 States= 2.68e+08 Transitions= 1.04e+09 Memory= 27150.351	t=      314 R=   9e+05
Depth=      63 States= 2.69e+08 Transitions= 1.04e+09 Memory= 27241.952	t=      315 R=   9e+05
Depth=      63 States=  2.7e+08 Transitions= 1.05e+09 Memory= 27333.456	t=      317 R=   9e+05
Depth=      63 States= 2.71e+08 Transitions= 1.05e+09 Memory= 27425.058	t=      318 R=   9e+05
Depth=      63 States= 2.72e+08 Transitions= 1.05e+09 Memory= 27516.659	t=      319 R=   9e+05
Depth=      63 States= 2.73e+08 Transitions= 1.06e+09 Memory= 27608.163	t=      320 R=   9e+05
Depth=      63 States= 2.74e+08 Transitions= 1.06e+09 Memory= 27699.765	t=      321 R=   9e+05
Depth=      63 States= 2.75e+08 Transitions= 1.07e+09 Memory= 27791.366	t=      322 R=   9e+05
Depth=      63 States= 2.76e+08 Transitions= 1.07e+09 Memory= 27882.968	t=      323 R=   9e+05
Depth=      63 States= 2.77e+08 Transitions= 1.07e+09 Memory= 27974.472	t=      324 R=   9e+05
Depth=      63 States= 2.78e+08 Transitions= 1.08e+09 Memory= 28066.073	t=      325 R=   9e+05
Depth=      63 States= 2.79e+08 Transitions= 1.08e+09 Memory= 28157.675	t=      327 R=   9e+05
Depth=      63 States=  2.8e+08 Transitions= 1.09e+09 Memory= 28249.179	t=      328 R=   9e+05
Depth=      63 States= 2.81e+08 Transitions= 1.09e+09 Memory= 28340.780	t=      329 R=   9e+05
Depth=      63 States= 2.82e+08 Transitions= 1.09e+09 Memory= 28432.382	t=      330 R=   9e+05
Depth=      63 States= 2.83e+08 Transitions=  1.1e+09 Memory= 28523.983	t=      331 R=   9e+05
Depth=      63 States= 2.84e+08 Transitions=  1.1e+09 Memory= 28615.487	t=      332 R=   9e+05
Depth=      63 States= 2.85e+08 Transitions= 1.11e+09 Memory= 28707.089	t=      333 R=   9e+05
Depth=      63 States= 2.86e+08 Transitions= 1.11e+09 Memory= 28798.690	t=      334 R=   9e+05
Depth=      63 States= 2.87e+08 Transitions= 1.11e+09 Memory= 28890.194	t=      335 R=   9e+05
Depth=      63 States= 2.88e+08 Transitions= 1.12e+09 Memory= 28981.796	t=      337 R=   9e+05
Depth=      63 States= 2.89e+08 Transitions= 1.12e+09 Memory= 29073.397	t=      338 R=   9e+05
Depth=      63 States=  2.9e+08 Transitions= 1.12e+09 Memory= 29164.901	t=      339 R=   9e+05
Depth=      63 States= 2.91e+08 Transitions= 1.13e+09 Memory= 29256.503	t=      340 R=   9e+05
Depth=      63 States= 2.92e+08 Transitions= 1.13e+09 Memory= 29348.105	t=      341 R=   9e+05
Depth=      63 States= 2.93e+08 Transitions= 1.14e+09 Memory= 29439.706	t=      342 R=   9e+05
Depth=      63 States= 2.94e+08 Transitions= 1.14e+09 Memory= 29531.210	t=      344 R=   9e+05
Depth=      63 States= 2.95e+08 Transitions= 1.14e+09 Memory= 29622.812	t=      345 R=   9e+05
Depth=      63 States= 2.96e+08 Transitions= 1.15e+09 Memory= 29714.413	t=      346 R=   9e+05
Depth=      63 States= 2.97e+08 Transitions= 1.15e+09 Memory= 29805.917	t=      347 R=   9e+05
Depth=      63 States= 2.98e+08 Transitions= 1.16e+09 Memory= 29897.519	t=      348 R=   9e+05
Depth=      63 States= 2.99e+08 Transitions= 1.16e+09 Memory= 29989.120	t=      350 R=   9e+05
Depth=      63 States=    3e+08 Transitions= 1.16e+09 Memory= 30080.722	t=      351 R=   9e+05
Depth=      63 States= 3.01e+08 Transitions= 1.17e+09 Memory= 30172.226	t=      352 R=   9e+05
Depth=      63 States= 3.02e+08 Transitions= 1.17e+09 Memory= 30263.827	t=      353 R=   9e+05
Depth=      63 States= 3.03e+08 Transitions= 1.18e+09 Memory= 30355.429	t=      354 R=   9e+05
Depth=      63 States= 3.04e+08 Transitions= 1.18e+09 Memory= 30446.933	t=      355 R=   9e+05
Depth=      63 States= 3.05e+08 Transitions= 1.18e+09 Memory= 30538.534	t=      356 R=   9e+05
Depth=      63 States= 3.06e+08 Transitions= 1.19e+09 Memory= 30630.136	t=      358 R=   9e+05
Depth=      63 States= 3.07e+08 Transitions= 1.19e+09 Memory= 30721.640	t=      359 R=   9e+05
Depth=      63 States= 3.08e+08 Transitions= 1.19e+09 Memory= 30813.241	t=      360 R=   9e+05
Depth=      63 States= 3.09e+08 Transitions=  1.2e+09 Memory= 30904.843	t=      361 R=   9e+05
Depth=      63 States=  3.1e+08 Transitions=  1.2e+09 Memory= 30996.444	t=      362 R=   9e+05
Depth=      63 States= 3.11e+08 Transitions= 1.21e+09 Memory= 31087.948	t=      363 R=   9e+05
Depth=      63 States= 3.12e+08 Transitions= 1.21e+09 Memory= 31179.550	t=      365 R=   9e+05
Depth=      63 States= 3.13e+08 Transitions= 1.21e+09 Memory= 31271.151	t=      366 R=   9e+05
Depth=      63 States= 3.14e+08 Transitions= 1.22e+09 Memory= 31362.655	t=      367 R=   9e+05
Depth=      63 States= 3.15e+08 Transitions= 1.22e+09 Memory= 31454.257	t=      368 R=   9e+05
Depth=      63 States= 3.16e+08 Transitions= 1.23e+09 Memory= 31545.858	t=      369 R=   9e+05
Depth=      63 States= 3.17e+08 Transitions= 1.23e+09 Memory= 31637.460	t=      370 R=   9e+05
Depth=      63 States= 3.18e+08 Transitions= 1.23e+09 Memory= 31728.964	t=      372 R=   9e+05
Depth=      63 States= 3.19e+08 Transitions= 1.24e+09 Memory= 31820.565	t=      373 R=   9e+05
Depth=      63 States=  3.2e+08 Transitions= 1.24e+09 Memory= 31912.167	t=      374 R=   9e+05
Depth=      63 States= 3.21e+08 Transitions= 1.25e+09 Memory= 32003.671	t=      375 R=   9e+05
Depth=      63 States= 3.22e+08 Transitions= 1.25e+09 Memory= 32095.272	t=      376 R=   9e+05
Depth=      63 States= 3.23e+08 Transitions= 1.25e+09 Memory= 32186.874	t=      377 R=   9e+05
Depth=      63 States= 3.24e+08 Transitions= 1.26e+09 Memory= 32278.476	t=      379 R=   9e+05
Depth=      63 States= 3.25e+08 Transitions= 1.26e+09 Memory= 32369.980	t=      380 R=   9e+05
Depth=      63 States= 3.26e+08 Transitions= 1.26e+09 Memory= 32461.581	t=      381 R=   9e+05
Depth=      63 States= 3.27e+08 Transitions= 1.27e+09 Memory= 32553.183	t=      382 R=   9e+05
Depth=      63 States= 3.28e+08 Transitions= 1.27e+09 Memory= 32644.687	t=      383 R=   9e+05
Depth=      63 States= 3.29e+08 Transitions= 1.28e+09 Memory= 32736.288	t=      385 R=   9e+05
Depth=      63 States=  3.3e+08 Transitions= 1.28e+09 Memory= 32827.890	t=      386 R=   9e+05
Depth=      63 States= 3.31e+08 Transitions= 1.28e+09 Memory= 32919.394	t=      387 R=   9e+05
Depth=      63 States= 3.32e+08 Transitions= 1.29e+09 Memory= 33010.995	t=      388 R=   9e+05
Depth=      63 States= 3.33e+08 Transitions= 1.29e+09 Memory= 33102.597	t=      389 R=   9e+05
Depth=      63 States= 3.34e+08 Transitions=  1.3e+09 Memory= 33194.198	t=      390 R=   9e+05
Depth=      63 States= 3.35e+08 Transitions=  1.3e+09 Memory= 33285.702	t=      392 R=   9e+05
Depth=      63 States= 3.36e+08 Transitions=  1.3e+09 Memory= 33377.304	t=      393 R=   9e+05
Depth=      63 States= 3.37e+08 Transitions= 1.31e+09 Memory= 33468.905	t=      394 R=   9e+05
Depth=      63 States= 3.38e+08 Transitions= 1.31e+09 Memory= 33560.409	t=      395 R=   9e+05
Depth=      63 States= 3.39e+08 Transitions= 1.31e+09 Memory= 33652.011	t=      396 R=   9e+05
Depth=      63 States=  3.4e+08 Transitions= 1.32e+09 Memory= 33743.612	t=      397 R=   9e+05
Depth=      63 States= 3.41e+08 Transitions= 1.32e+09 Memory= 33835.214	t=      399 R=   9e+05
Depth=      63 States= 3.42e+08 Transitions= 1.33e+09 Memory= 33926.718	t=      400 R=   9e+05
Depth=      63 States= 3.43e+08 Transitions= 1.33e+09 Memory= 34018.319	t=      401 R=   9e+05
Depth=      63 States= 3.44e+08 Transitions= 1.33e+09 Memory= 34109.921	t=      402 R=   9e+05
Depth=      63 States= 3.45e+08 Transitions= 1.34e+09 Memory= 34201.425	t=      404 R=   9e+05
Depth=      63 States= 3.46e+08 Transitions= 1.34e+09 Memory= 34293.026	t=      405 R=   9e+05
Depth=      63 States= 3.47e+08 Transitions= 1.35e+09 Memory= 34384.628	t=      406 R=   9e+05
Depth=      63 States= 3.48e+08 Transitions= 1.35e+09 Memory= 34476.132	t=      408 R=   9e+05
Depth=      63 States= 3.49e+08 Transitions= 1.35e+09 Memory= 34567.733	t=      409 R=   9e+05
Depth=      63 States=  3.5e+08 Transitions= 1.36e+09 Memory= 34659.335	t=      410 R=   9e+05
Depth=      63 States= 3.51e+08 Transitions= 1.36e+09 Memory= 34750.937	t=      412 R=   9e+05
Depth=      63 States= 3.52e+08 Transitions= 1.37e+09 Memory= 34842.440	t=      413 R=   9e+05
Depth=      63 States= 3.53e+08 Transitions= 1.37e+09 Memory= 34934.042	t=      414 R=   9e+05
Depth=      63 States= 3.54e+08 Transitions= 1.37e+09 Memory= 35025.644	t=      415 R=   9e+05
Depth=      63 States= 3.55e+08 Transitions= 1.38e+09 Memory= 35117.147	t=      417 R=   9e+05
Depth=      63 States= 3.56e+08 Transitions= 1.38e+09 Memory= 35208.749	t=      418 R=   9e+05
Depth=      63 States= 3.57e+08 Transitions= 1.38e+09 Memory= 35300.351	t=      419 R=   9e+05
Depth=      63 States= 3.58e+08 Transitions= 1.39e+09 Memory= 35391.952	t=      421 R=   9e+05
Depth=      63 States= 3.59e+08 Transitions= 1.39e+09 Memory= 35483.456	t=      422 R=   9e+05
Depth=      63 States=  3.6e+08 Transitions=  1.4e+09 Memory= 35575.058	t=      423 R=   9e+05
Depth=      63 States= 3.61e+08 Transitions=  1.4e+09 Memory= 35666.659	t=      424 R=   9e+05
Depth=      63 States= 3.62e+08 Transitions=  1.4e+09 Memory= 35758.163	t=      426 R=   9e+05
Depth=      63 States= 3.63e+08 Transitions= 1.41e+09 Memory= 35849.765	t=      427 R=   9e+05
Depth=      63 States= 3.64e+08 Transitions= 1.41e+09 Memory= 35941.366	t=      428 R=   8e+05
Depth=      63 States= 3.65e+08 Transitions= 1.42e+09 Memory= 36032.968	t=      430 R=   8e+05
Depth=      63 States= 3.66e+08 Transitions= 1.42e+09 Memory= 36124.472	t=      431 R=   8e+05
Depth=      63 States= 3.67e+08 Transitions= 1.42e+09 Memory= 36216.073	t=      432 R=   8e+05
Depth=      63 States= 3.68e+08 Transitions= 1.43e+09 Memory= 36307.675	t=      434 R=   8e+05
Depth=      63 States= 3.69e+08 Transitions= 1.43e+09 Memory= 36399.179	t=      435 R=   8e+05
Depth=      63 States=  3.7e+08 Transitions= 1.44e+09 Memory= 36490.780	t=      436 R=   8e+05
Depth=      63 States= 3.71e+08 Transitions= 1.44e+09 Memory= 36582.382	t=      438 R=   8e+05
Depth=      63 States= 3.72e+08 Transitions= 1.44e+09 Memory= 36673.886	t=      439 R=   8e+05
Depth=      63 States= 3.73e+08 Transitions= 1.45e+09 Memory= 36765.487	t=      440 R=   8e+05
Depth=      63 States= 3.74e+08 Transitions= 1.45e+09 Memory= 36857.089	t=      441 R=   8e+05
Depth=      63 States= 3.75e+08 Transitions= 1.45e+09 Memory= 36948.690	t=      443 R=   8e+05
Depth=      63 States= 3.76e+08 Transitions= 1.46e+09 Memory= 37040.194	t=      444 R=   8e+05
Depth=      63 States= 3.77e+08 Transitions= 1.46e+09 Memory= 37131.796	t=      445 R=   8e+05
Depth=      63 States= 3.78e+08 Transitions= 1.47e+09 Memory= 37223.397	t=      447 R=   8e+05
Depth=      63 States= 3.79e+08 Transitions= 1.47e+09 Memory= 37314.901	t=      448 R=   8e+05
Depth=      63 States=  3.8e+08 Transitions= 1.47e+09 Memory= 37406.503	t=      449 R=   8e+05
Depth=      63 States= 3.81e+08 Transitions= 1.48e+09 Memory= 37498.105	t=      451 R=   8e+05
Depth=      63 States= 3.82e+08 Transitions= 1.48e+09 Memory= 37589.706	t=      452 R=   8e+05
Depth=      63 States= 3.83e+08 Transitions= 1.49e+09 Memory= 37681.210	t=      453 R=   8e+05
Depth=      63 States= 3.84e+08 Transitions= 1.49e+09 Memory= 37772.812	t=      455 R=   8e+05
Depth=      63 States= 3.85e+08 Transitions= 1.49e+09 Memory= 37864.413	t=      456 R=   8e+05
Depth=      63 States= 3.86e+08 Transitions=  1.5e+09 Memory= 37955.917	t=      457 R=   8e+05
Depth=      63 States= 3.87e+08 Transitions=  1.5e+09 Memory= 38047.519	t=      459 R=   8e+05
Depth=      63 States= 3.88e+08 Transitions= 1.51e+09 Memory= 38139.120	t=      460 R=   8e+05
Depth=      63 States= 3.89e+08 Transitions= 1.51e+09 Memory= 38230.624	t=      461 R=   8e+05
Depth=      63 States=  3.9e+08 Transitions= 1.51e+09 Memory= 38322.226	t=      463 R=   8e+05
Depth=      63 States= 3.91e+08 Transitions= 1.52e+09 Memory= 38413.827	t=      464 R=   8e+05
Depth=      63 States= 3.92e+08 Transitions= 1.52e+09 Memory= 38505.429	t=      465 R=   8e+05
Depth=      63 States= 3.93e+08 Transitions= 1.52e+09 Memory= 38596.933	t=      467 R=   8e+05
Depth=      63 States= 3.94e+08 Transitions= 1.53e+09 Memory= 38688.534	t=      468 R=   8e+05
Depth=      63 States= 3.95e+08 Transitions= 1.53e+09 Memory= 38780.136	t=      469 R=   8e+05
Depth=      63 States= 3.96e+08 Transitions= 1.54e+09 Memory= 38871.640	t=      471 R=   8e+05
Depth=      63 States= 3.97e+08 Transitions= 1.54e+09 Memory= 38963.241	t=      472 R=   8e+05
Depth=      63 States= 3.98e+08 Transitions= 1.54e+09 Memory= 39054.843	t=      473 R=   8e+05
Depth=      63 States= 3.99e+08 Transitions= 1.55e+09 Memory= 39146.444	t=      475 R=   8e+05
Depth=      63 States=    4e+08 Transitions= 1.55e+09 Memory= 39238.046	t=      477 R=   8e+05

(Spin Version 6.5.1 -- 3 November 2019)
	+ Partial Order Reduction

Full statespace search for:
	never claim         	- (none specified)
	assertion violations	+
	cycle checks       	- (disabled by -DSAFETY)
	invalid end states	+

State-vector 124 byte, depth reached 63, errors: 0
4.0024944e+08 states, stored
1.1516665e+09 states, matched
1.551916e+09 transitions (= stored+matched)
  2569616 atomic steps
hash conflicts: 9.3474205e+08 (resolved)

Stats on memory usage (in Megabytes):
58019.557	equivalent memory usage for states (stored*(State-vector + overhead))
37233.007	actual memory usage for states (compression: 64.17%)
         	state-vector as stored = 70 byte + 28 byte overhead
 2048.000	memory used for hash table (-w28)
    0.534	memory used for DFS stack (-m10000)
   20.645	memory lost to fragmentation
39260.897	total actual memory usage


unreached in proctype proc
	(0 of 28 states)

pan: elapsed time 477 seconds
pan: rate 838974.24 states/second

Time: 8m 1s