prom2lts-mc --strategy=ufscc --threads=32 --ltl='[] ((pc\[0\] == "ws") -> (<> (pc\[0\] == "cs")))' qlock.pml.spins
prom2lts-mc: Precompiled SpinS module initialized
prom2lts-mc( 0/32): Loading model from qlock.pml.spins
prom2lts-mc(12/32): LTL layer: formula: [] ((pc\[0\] == "ws") -> (<> (pc\[0\] == "cs")))
prom2lts-mc(12/32): "[] ((pc\[0\] == "ws") -> (<> (pc\[0\] == "cs")))" is not a file, parsing as formula...
prom2lts-mc(12/32): Using Spin LTL semantics
prom2lts-mc( 0/32): Weak Buchi automaton detected, adding non-accepting as progress label.
prom2lts-mc( 0/32): There are 166 state labels and 2 edge labels
prom2lts-mc( 0/32): State length is 44, there are 133 groups
prom2lts-mc( 0/32): Running ufscc using 32 cores
prom2lts-mc( 0/32): Using a tree table with 2^33 elements
prom2lts-mc( 0/32): Successor permutation: dynamic
prom2lts-mc( 0/32): Global bits: 0, count bits: 0, local bits: 0
prom2lts-mc(27/32): ~21 levels ~9600 states ~19680 transitions
prom2lts-mc(22/32): ~21 levels ~19200 states ~37536 transitions
prom2lts-mc(22/32): ~21 levels ~38400 states ~82208 transitions
prom2lts-mc(22/32): ~21 levels ~76800 states ~162752 transitions
prom2lts-mc(22/32): ~21 levels ~153600 states ~323808 transitions
prom2lts-mc(24/32): ~21 levels ~307200 states ~718720 transitions
prom2lts-mc(22/32): ~21 levels ~614400 states ~1588384 transitions
prom2lts-mc(27/32): ~21 levels ~1228800 states ~2514848 transitions
prom2lts-mc(22/32): ~21 levels ~2457600 states ~6241792 transitions
prom2lts-mc(22/32): ~21 levels ~4915200 states ~13412800 transitions
prom2lts-mc(27/32): ~21 levels ~9830400 states ~23307712 transitions
prom2lts-mc(22/32): ~21 levels ~19660800 states ~52418560 transitions
prom2lts-mc(15/32): ~21 levels ~39321600 states ~93183136 transitions
prom2lts-mc(27/32): ~21 levels ~78643200 states ~191860896 transitions
prom2lts-mc(27/32): ~21 levels ~157286400 states ~418176672 transitions
prom2lts-mc(27/32): ~21 levels ~314572800 states ~831816224 transitions
prom2lts-mc(27/32): ~21 levels ~629145600 states ~1660193216 transitions
prom2lts-mc(22/32): ~21 levels ~1258291200 states ~3573807072 transitions
prom2lts-mc(22/32): ~28 levels ~2516582400 states ~7909861856 transitions
prom2lts-mc(22/32): ~28 levels ~5033164800 states ~20704890816 transitions
prom2lts-mc(22/32): ~28 levels ~10066329600 states ~54431023648 transitions
prom2lts-mc(22/32): Error: tree roots table full! Change -s/--ratio.
prom2lts-mc( 0/32):
prom2lts-mc( 0/32): total scc count:            -1056048
prom2lts-mc( 0/32): unique states count:        -1055613
prom2lts-mc( 0/32): unique transitions count:   -800956852
prom2lts-mc( 0/32): - self-loop count:          1
prom2lts-mc( 0/32): - claim dead count:         -799865593
prom2lts-mc( 0/32): - claim found count:        0
prom2lts-mc( 0/32): - claim success count:      -1045565
prom2lts-mc( 0/32): - cum. max stack depth:     1560
prom2lts-mc( 0/32):
prom2lts-mc( 0/32): Explored 8588889027 states 63623671569 transitions, fanout: 7.408
prom2lts-mc( 0/32): Total exploration time 1611.310 sec (1611.310 sec minimum, 1611.310 sec on average)
prom2lts-mc( 0/32): States per second: 5330376, Transitions per second: 39485680
prom2lts-mc( 0/32):
prom2lts-mc( 0/32): Queue width: 12B, total height: 0, memory: 0.00MB
prom2lts-mc( 0/32): Tree memory: 66641.8MB, 8.1 B/state, compr.: 4.6%
prom2lts-mc( 0/32): Tree fill ratio (roots/leafs): 99.0%/6.0%
prom2lts-mc( 0/32): Stored 138 string chucks using 0MB
prom2lts-mc( 0/32): Total memory used for chunk indexing: 0MB
prom2lts-mc( 0/32): Est. total memory use: 66641.8MB (~65536.0MB paged-in)

Time: 27m 49s