prom2lts-mc --strategy=cndfs --threads=24 --ltl='[] ((pc\[0\] == "ws") -> (<> (pc\[0\] == "cs")))' qlock.pml.spins
prom2lts-mc: Precompiled SpinS module initialized
prom2lts-mc( 0/24): Loading model from qlock.pml.spins
prom2lts-mc(21/24): LTL layer: formula: [] ((pc\[0\] == "ws") -> (<> (pc\[0\] == "cs")))
prom2lts-mc(21/24): "[] ((pc\[0\] == "ws") -> (<> (pc\[0\] == "cs")))" is not a file, parsing as formula...
prom2lts-mc(21/24): Using Spin LTL semantics
prom2lts-mc( 0/24): Weak Buchi automaton detected, adding non-accepting as progress label.
prom2lts-mc( 0/24): There are 166 state labels and 2 edge labels
prom2lts-mc( 0/24): State length is 44, there are 133 groups
prom2lts-mc( 0/24): Running cndfs using 24 cores
prom2lts-mc( 0/24): Using a tree table with 2^33 elements
prom2lts-mc( 0/24): Successor permutation: dynamic
prom2lts-mc( 0/24): Global bits: 2, count bits: 0, local bits: 0
prom2lts-mc(20/24): [Blue] ~21 levels ~9600 states ~21840 transitions
prom2lts-mc(13/24): [Blue] ~22 levels ~19200 states ~46704 transitions
prom2lts-mc(13/24): [Blue] ~22 levels ~38400 states ~91704 transitions
prom2lts-mc( 3/24): [Blue] ~21 levels ~76800 states ~179256 transitions
prom2lts-mc( 3/24): [Blue] ~21 levels ~153600 states ~358944 transitions
prom2lts-mc( 3/24): [Blue] ~21 levels ~307200 states ~761832 transitions
prom2lts-mc( 3/24): [Blue] ~21 levels ~614400 states ~1579872 transitions
prom2lts-mc( 3/24): [Blue] ~21 levels ~1228800 states ~3165576 transitions
prom2lts-mc( 3/24): [Blue] ~21 levels ~2457600 states ~6451656 transitions
prom2lts-mc(16/24): [Blue] ~22 levels ~4915200 states ~12267408 transitions
prom2lts-mc(16/24): [Blue] ~22 levels ~9830400 states ~24586992 transitions
prom2lts-mc(16/24): [Blue] ~22 levels ~19660800 states ~49768704 transitions
prom2lts-mc(16/24): [Blue] ~22 levels ~39321600 states ~97651560 transitions
prom2lts-mc(20/24): [Blue] ~21 levels ~78643200 states ~225856464 transitions
prom2lts-mc(20/24): [Blue] ~21 levels ~157286400 states ~449339616 transitions
prom2lts-mc(20/24): [Blue] ~21 levels ~314572800 states ~891383232 transitions
prom2lts-mc(20/24): [Blue] ~21 levels ~629145600 states ~1808194104 transitions
prom2lts-mc(12/24): [Blue] ~68 levels ~1258291200 states ~6075962184 transitions
prom2lts-mc(20/24): [Blue] ~30 levels ~2516582400 states ~12666192720 transitions
prom2lts-mc(20/24): [Blue] ~30 levels ~5033164800 states ~27022352160 transitions
prom2lts-mc(20/24): [Blue] ~30 levels ~10066329600 states ~52499943960 transitions
prom2lts-mc(11/24): Error: tree roots table full! Change -s/--ratio.
prom2lts-mc( 0/24):
prom2lts-mc( 0/24): Explored 8588621376 states 61556928252 transitions, fanout: 7.167
prom2lts-mc( 0/24): Total exploration time 2157.120 sec (2157.120 sec minimum, 2157.121 sec on average)
prom2lts-mc( 0/24): States per second: 3981522, Transitions per second: 28536626
prom2lts-mc( 0/24):
prom2lts-mc( 0/24): State space has 8588478123 states, 3851162772 are accepting
prom2lts-mc( 0/24): cndfs_1 (permutation: dynamic) stats:
prom2lts-mc( 0/24): blue states: 8588621376 (100.00%), transitions: 0 (per worker)
prom2lts-mc( 0/24): red states: 0 (0.00%), bogus: 0  (0.00%), transitions: 0, waits: 0 (0.00 sec)
prom2lts-mc( 0/24): all-red states: 3851162772 (44.84%), bogus 19090 (0.00%)
prom2lts-mc( 0/24):
prom2lts-mc( 0/24): Total memory used for local state coloring: 0.0MB
prom2lts-mc( 0/24):
prom2lts-mc( 0/24): Queue width: 8B, total height: 1186, memory: 0.01MB
prom2lts-mc( 0/24): Tree memory: 66643.5MB, 8.1 B/state, compr.: 4.6%
prom2lts-mc( 0/24): Tree fill ratio (roots/leafs): 99.0%/6.0%
prom2lts-mc( 0/24): Stored 138 string chucks using 0MB
prom2lts-mc( 0/24): Total memory used for chunk indexing: 0MB
prom2lts-mc( 0/24): Est. total memory use: 66643.5MB (~65536.0MB paged-in)

Time: 36m 9s