prom2lts-mc --strategy=ufscc --threads=24 --ltl='[] ((pc\[0\] == "ws") -> (<> (pc\[0\] == "cs")))' qlock.pml.spins
prom2lts-mc: Precompiled SpinS module initialized
prom2lts-mc( 0/24): Loading model from qlock.pml.spins
prom2lts-mc(17/24): LTL layer: formula: [] ((pc\[0\] == "ws") -> (<> (pc\[0\] == "cs")))
prom2lts-mc(17/24): "[] ((pc\[0\] == "ws") -> (<> (pc\[0\] == "cs")))" is not a file, parsing as formula...
prom2lts-mc(17/24): Using Spin LTL semantics
prom2lts-mc( 0/24): Weak Buchi automaton detected, adding non-accepting as progress label.
prom2lts-mc( 0/24): There are 166 state labels and 2 edge labels
prom2lts-mc( 0/24): State length is 44, there are 133 groups
prom2lts-mc( 0/24): Running ufscc using 24 cores
prom2lts-mc( 0/24): Using a tree table with 2^33 elements
prom2lts-mc( 0/24): Successor permutation: dynamic
prom2lts-mc( 0/24): Global bits: 0, count bits: 0, local bits: 0
prom2lts-mc(20/24): ~21 levels ~9600 states ~19968 transitions
prom2lts-mc(20/24): ~21 levels ~19200 states ~39768 transitions
prom2lts-mc(20/24): ~21 levels ~38400 states ~85248 transitions
prom2lts-mc( 5/24): ~21 levels ~76800 states ~178632 transitions
prom2lts-mc(20/24): ~21 levels ~153600 states ~343656 transitions
prom2lts-mc(20/24): ~21 levels ~307200 states ~729528 transitions
prom2lts-mc(20/24): ~21 levels ~614400 states ~1427088 transitions
prom2lts-mc( 5/24): ~21 levels ~1228800 states ~3165192 transitions
prom2lts-mc( 4/24): ~27 levels ~2457600 states ~5215464 transitions
prom2lts-mc( 5/24): ~21 levels ~4915200 states ~12886392 transitions
prom2lts-mc( 5/24): ~21 levels ~9830400 states ~25749552 transitions
prom2lts-mc( 5/24): ~21 levels ~19660800 states ~51549576 transitions
prom2lts-mc( 5/24): ~21 levels ~39321600 states ~101990040 transitions
prom2lts-mc( 5/24): ~21 levels ~78643200 states ~204918240 transitions
prom2lts-mc( 5/24): ~21 levels ~157286400 states ~439552104 transitions
prom2lts-mc( 5/24): ~21 levels ~314572800 states ~902513640 transitions
prom2lts-mc( 5/24): ~21 levels ~629145600 states ~1804524480 transitions
prom2lts-mc( 5/24): ~21 levels ~1258291200 states ~3616613376 transitions
prom2lts-mc( 5/24): ~30 levels ~2516582400 states ~10325055768 transitions
prom2lts-mc( 5/24): ~30 levels ~5033164800 states ~26155413960 transitions
prom2lts-mc(10/24): Error: tree roots table full! Change -s/--ratio.
prom2lts-mc( 0/24):
prom2lts-mc( 0/24): total scc count:            -1589463
prom2lts-mc( 0/24): unique states count:        -1589116
prom2lts-mc( 0/24): unique transitions count:   14673707
prom2lts-mc( 0/24): - self-loop count:          1
prom2lts-mc( 0/24): - claim dead count:         16277977
prom2lts-mc( 0/24): - claim found count:        0
prom2lts-mc( 0/24): - claim success count:      -1584539
prom2lts-mc( 0/24): - cum. max stack depth:     1111
prom2lts-mc( 0/24):
prom2lts-mc( 0/24): Explored 8588350053 states 64439242191 transitions, fanout: 7.503
prom2lts-mc( 0/24): Total exploration time 1986.630 sec (1986.630 sec minimum, 1986.630 sec on average)
prom2lts-mc( 0/24): States per second: 4323074, Transitions per second: 32436460
prom2lts-mc( 0/24):
prom2lts-mc( 0/24): Queue width: 12B, total height: 0, memory: 0.00MB
prom2lts-mc( 0/24): Tree memory: 66659.1MB, 8.1 B/state, compr.: 4.6%
prom2lts-mc( 0/24): Tree fill ratio (roots/leafs): 99.0%/6.0%
prom2lts-mc( 0/24): Stored 138 string chucks using 0MB
prom2lts-mc( 0/24): Total memory used for chunk indexing: 0MB
prom2lts-mc( 0/24): Est. total memory use: 66659.1MB (~65536.0MB paged-in)

Time: 34m 0s